ERROR - 2025-03-18 13:02:07 --> mysqli_sql_exception: Unknown column 'email' in 'where clause' in C:\xampp2\htdocs\ci4\system\Database\MySQLi\Connection.php:327
Stack trace:
#0 C:\xampp2\htdocs\ci4\system\Database\MySQLi\Connection.php(327): mysqli->query('SELECT *\nFROM `...', 0)
#1 C:\xampp2\htdocs\ci4\system\Database\BaseConnection.php(738): CodeIgniter\Database\MySQLi\Connection->execute('SELECT *\nFROM `...')
#2 C:\xampp2\htdocs\ci4\system\Database\BaseConnection.php(652): CodeIgniter\Database\BaseConnection->simpleQuery('SELECT *\nFROM `...')
#3 C:\xampp2\htdocs\ci4\system\Database\BaseBuilder.php(1649): CodeIgniter\Database\BaseConnection->query('SELECT *\nFROM `...', Array, false)
#4 C:\xampp2\htdocs\ci4\system\Model.php(330): CodeIgniter\Database\BaseBuilder->get()
#5 C:\xampp2\htdocs\ci4\system\BaseModel.php(713): CodeIgniter\Model->doFirst()
#6 C:\xampp2\htdocs\ci4\app\Models\AuthModel.php(23): CodeIgniter\BaseModel->first()
#7 C:\xampp2\htdocs\ci4\app\Controllers\Auth.php(30): App\Models\AuthModel->check_login('boris@gmail.com', '123456')
#8 C:\xampp2\htdocs\ci4\system\CodeIgniter.php(933): App\Controllers\Auth->do_login()
#9 C:\xampp2\htdocs\ci4\system\CodeIgniter.php(507): CodeIgniter\CodeIgniter->runController(Object(App\Controllers\Auth))
#10 C:\xampp2\htdocs\ci4\system\CodeIgniter.php(354): CodeIgniter\CodeIgniter->handleRequest(NULL, Object(Config\Cache), false)
#11 C:\xampp2\htdocs\ci4\system\Boot.php(334): CodeIgniter\CodeIgniter->run()
#12 C:\xampp2\htdocs\ci4\system\Boot.php(67): CodeIgniter\Boot::runCodeIgniter(Object(CodeIgniter\CodeIgniter))
#13 C:\xampp2\htdocs\ci4\public\index.php(56): CodeIgniter\Boot::bootWeb(Object(Config\Paths))
#14 C:\xampp2\htdocs\ci4\system\rewrite.php(44): require_once('C:\\xampp2\\htdoc...')
#15 {main}
ERROR - 2025-03-18 13:02:07 --> Error en check_login: Unknown column 'email' in 'where clause'
ERROR - 2025-03-18 13:02:14 --> mysqli_sql_exception: Unknown column 'email' in 'where clause' in C:\xampp2\htdocs\ci4\system\Database\MySQLi\Connection.php:327
Stack trace:
#0 C:\xampp2\htdocs\ci4\system\Database\MySQLi\Connection.php(327): mysqli->query('SELECT *\nFROM `...', 0)
#1 C:\xampp2\htdocs\ci4\system\Database\BaseConnection.php(738): CodeIgniter\Database\MySQLi\Connection->execute('SELECT *\nFROM `...')
#2 C:\xampp2\htdocs\ci4\system\Database\BaseConnection.php(652): CodeIgniter\Database\BaseConnection->simpleQuery('SELECT *\nFROM `...')
#3 C:\xampp2\htdocs\ci4\system\Database\BaseBuilder.php(1649): CodeIgniter\Database\BaseConnection->query('SELECT *\nFROM `...', Array, false)
#4 C:\xampp2\htdocs\ci4\system\Model.php(330): CodeIgniter\Database\BaseBuilder->get()
#5 C:\xampp2\htdocs\ci4\system\BaseModel.php(713): CodeIgniter\Model->doFirst()
#6 C:\xampp2\htdocs\ci4\app\Models\AuthModel.php(23): CodeIgniter\BaseModel->first()
#7 C:\xampp2\htdocs\ci4\app\Controllers\Auth.php(30): App\Models\AuthModel->check_login('borisfavio@gmai...', '123456')
#8 C:\xampp2\htdocs\ci4\system\CodeIgniter.php(933): App\Controllers\Auth->do_login()
#9 C:\xampp2\htdocs\ci4\system\CodeIgniter.php(507): CodeIgniter\CodeIgniter->runController(Object(App\Controllers\Auth))
#10 C:\xampp2\htdocs\ci4\system\CodeIgniter.php(354): CodeIgniter\CodeIgniter->handleRequest(NULL, Object(Config\Cache), false)
#11 C:\xampp2\htdocs\ci4\system\Boot.php(334): CodeIgniter\CodeIgniter->run()
#12 C:\xampp2\htdocs\ci4\system\Boot.php(67): CodeIgniter\Boot::runCodeIgniter(Object(CodeIgniter\CodeIgniter))
#13 C:\xampp2\htdocs\ci4\public\index.php(56): CodeIgniter\Boot::bootWeb(Object(Config\Paths))
#14 C:\xampp2\htdocs\ci4\system\rewrite.php(44): require_once('C:\\xampp2\\htdoc...')
#15 {main}
ERROR - 2025-03-18 13:02:14 --> Error en check_login: Unknown column 'email' in 'where clause'
ERROR - 2025-03-18 13:02:26 --> mysqli_sql_exception: Unknown column 'email' in 'where clause' in C:\xampp2\htdocs\ci4\system\Database\MySQLi\Connection.php:327
Stack trace:
#0 C:\xampp2\htdocs\ci4\system\Database\MySQLi\Connection.php(327): mysqli->query('SELECT *\nFROM `...', 0)
#1 C:\xampp2\htdocs\ci4\system\Database\BaseConnection.php(738): CodeIgniter\Database\MySQLi\Connection->execute('SELECT *\nFROM `...')
#2 C:\xampp2\htdocs\ci4\system\Database\BaseConnection.php(652): CodeIgniter\Database\BaseConnection->simpleQuery('SELECT *\nFROM `...')
#3 C:\xampp2\htdocs\ci4\system\Database\BaseBuilder.php(1649): CodeIgniter\Database\BaseConnection->query('SELECT *\nFROM `...', Array, false)
#4 C:\xampp2\htdocs\ci4\system\Model.php(330): CodeIgniter\Database\BaseBuilder->get()
#5 C:\xampp2\htdocs\ci4\system\BaseModel.php(713): CodeIgniter\Model->doFirst()
#6 C:\xampp2\htdocs\ci4\app\Models\AuthModel.php(23): CodeIgniter\BaseModel->first()
#7 C:\xampp2\htdocs\ci4\app\Controllers\Auth.php(30): App\Models\AuthModel->check_login('borisfavio@gmai...', 'admin')
#8 C:\xampp2\htdocs\ci4\system\CodeIgniter.php(933): App\Controllers\Auth->do_login()
#9 C:\xampp2\htdocs\ci4\system\CodeIgniter.php(507): CodeIgniter\CodeIgniter->runController(Object(App\Controllers\Auth))
#10 C:\xampp2\htdocs\ci4\system\CodeIgniter.php(354): CodeIgniter\CodeIgniter->handleRequest(NULL, Object(Config\Cache), false)
#11 C:\xampp2\htdocs\ci4\system\Boot.php(334): CodeIgniter\CodeIgniter->run()
#12 C:\xampp2\htdocs\ci4\system\Boot.php(67): CodeIgniter\Boot::runCodeIgniter(Object(CodeIgniter\CodeIgniter))
#13 C:\xampp2\htdocs\ci4\public\index.php(56): CodeIgniter\Boot::bootWeb(Object(Config\Paths))
#14 C:\xampp2\htdocs\ci4\system\rewrite.php(44): require_once('C:\\xampp2\\htdoc...')
#15 {main}
ERROR - 2025-03-18 13:02:26 --> Error en check_login: Unknown column 'email' in 'where clause'
ERROR - 2025-03-18 13:02:31 --> mysqli_sql_exception: Unknown column 'email' in 'where clause' in C:\xampp2\htdocs\ci4\system\Database\MySQLi\Connection.php:327
Stack trace:
#0 C:\xampp2\htdocs\ci4\system\Database\MySQLi\Connection.php(327): mysqli->query('SELECT *\nFROM `...', 0)
#1 C:\xampp2\htdocs\ci4\system\Database\BaseConnection.php(738): CodeIgniter\Database\MySQLi\Connection->execute('SELECT *\nFROM `...')
#2 C:\xampp2\htdocs\ci4\system\Database\BaseConnection.php(652): CodeIgniter\Database\BaseConnection->simpleQuery('SELECT *\nFROM `...')
#3 C:\xampp2\htdocs\ci4\system\Database\BaseBuilder.php(1649): CodeIgniter\Database\BaseConnection->query('SELECT *\nFROM `...', Array, false)
#4 C:\xampp2\htdocs\ci4\system\Model.php(330): CodeIgniter\Database\BaseBuilder->get()
#5 C:\xampp2\htdocs\ci4\system\BaseModel.php(713): CodeIgniter\Model->doFirst()
#6 C:\xampp2\htdocs\ci4\app\Models\AuthModel.php(23): CodeIgniter\BaseModel->first()
#7 C:\xampp2\htdocs\ci4\app\Controllers\Auth.php(30): App\Models\AuthModel->check_login('boris@gmail.com', '701120')
#8 C:\xampp2\htdocs\ci4\system\CodeIgniter.php(933): App\Controllers\Auth->do_login()
#9 C:\xampp2\htdocs\ci4\system\CodeIgniter.php(507): CodeIgniter\CodeIgniter->runController(Object(App\Controllers\Auth))
#10 C:\xampp2\htdocs\ci4\system\CodeIgniter.php(354): CodeIgniter\CodeIgniter->handleRequest(NULL, Object(Config\Cache), false)
#11 C:\xampp2\htdocs\ci4\system\Boot.php(334): CodeIgniter\CodeIgniter->run()
#12 C:\xampp2\htdocs\ci4\system\Boot.php(67): CodeIgniter\Boot::runCodeIgniter(Object(CodeIgniter\CodeIgniter))
#13 C:\xampp2\htdocs\ci4\public\index.php(56): CodeIgniter\Boot::bootWeb(Object(Config\Paths))
#14 C:\xampp2\htdocs\ci4\system\rewrite.php(44): require_once('C:\\xampp2\\htdoc...')
#15 {main}
ERROR - 2025-03-18 13:02:31 --> Error en check_login: Unknown column 'email' in 'where clause'
ERROR - 2025-03-18 13:03:25 --> mysqli_sql_exception: Unknown column 'email' in 'where clause' in C:\xampp2\htdocs\ci4\system\Database\MySQLi\Connection.php:327
Stack trace:
#0 C:\xampp2\htdocs\ci4\system\Database\MySQLi\Connection.php(327): mysqli->query('SELECT *\nFROM `...', 0)
#1 C:\xampp2\htdocs\ci4\system\Database\BaseConnection.php(738): CodeIgniter\Database\MySQLi\Connection->execute('SELECT *\nFROM `...')
#2 C:\xampp2\htdocs\ci4\system\Database\BaseConnection.php(652): CodeIgniter\Database\BaseConnection->simpleQuery('SELECT *\nFROM `...')
#3 C:\xampp2\htdocs\ci4\system\Database\BaseBuilder.php(1649): CodeIgniter\Database\BaseConnection->query('SELECT *\nFROM `...', Array, false)
#4 C:\xampp2\htdocs\ci4\system\Model.php(330): CodeIgniter\Database\BaseBuilder->get()
#5 C:\xampp2\htdocs\ci4\system\BaseModel.php(713): CodeIgniter\Model->doFirst()
#6 C:\xampp2\htdocs\ci4\app\Models\AuthModel.php(23): CodeIgniter\BaseModel->first()
#7 C:\xampp2\htdocs\ci4\app\Controllers\Auth.php(30): App\Models\AuthModel->check_login('llimachi@gmail....', 'llimachi')
#8 C:\xampp2\htdocs\ci4\system\CodeIgniter.php(933): App\Controllers\Auth->do_login()
#9 C:\xampp2\htdocs\ci4\system\CodeIgniter.php(507): CodeIgniter\CodeIgniter->runController(Object(App\Controllers\Auth))
#10 C:\xampp2\htdocs\ci4\system\CodeIgniter.php(354): CodeIgniter\CodeIgniter->handleRequest(NULL, Object(Config\Cache), false)
#11 C:\xampp2\htdocs\ci4\system\Boot.php(334): CodeIgniter\CodeIgniter->run()
#12 C:\xampp2\htdocs\ci4\system\Boot.php(67): CodeIgniter\Boot::runCodeIgniter(Object(CodeIgniter\CodeIgniter))
#13 C:\xampp2\htdocs\ci4\public\index.php(56): CodeIgniter\Boot::bootWeb(Object(Config\Paths))
#14 C:\xampp2\htdocs\ci4\system\rewrite.php(44): require_once('C:\\xampp2\\htdoc...')
#15 {main}
ERROR - 2025-03-18 13:03:25 --> Error en check_login: Unknown column 'email' in 'where clause'
CRITICAL - 2025-03-18 13:19:15 --> ErrorException: Undefined array key "nombre"
[Method: GET, Route: dashboard]
in APPPATH\Views\templates\main.php on line 94.
 1 APPPATH\Views\templates\main.php(94): CodeIgniter\Debug\Exceptions->errorHandler(2, 'Undefined array key "nombre"', 'C:\\xampp2\\htdocs\\ci4\\app\\Views\\templates\\main.php', 94)
 2 SYSTEMPATH\View\View.php(224): include('C:\\xampp2\\htdocs\\ci4\\app\\Views\\templates\\main.php')
 3 SYSTEMPATH\View\View.php(227): CodeIgniter\View\View->CodeIgniter\View\{closure}()
 4 SYSTEMPATH\Common.php(1173): CodeIgniter\View\View->render('templates/main', [], true)
 5 APPPATH\Views\templates\estructura.php(3): view('templates/main')
 6 SYSTEMPATH\View\View.php(224): include('C:\\xampp2\\htdocs\\ci4\\app\\Views\\templates\\estructura.php')
 7 SYSTEMPATH\View\View.php(227): CodeIgniter\View\View->CodeIgniter\View\{closure}()
 8 SYSTEMPATH\Common.php(1173): CodeIgniter\View\View->render('templates/estructura', [], true)
 9 APPPATH\Controllers\Dashboard.php(29): view('templates/estructura', [...])
10 SYSTEMPATH\CodeIgniter.php(933): App\Controllers\Dashboard->index()
11 SYSTEMPATH\CodeIgniter.php(507): CodeIgniter\CodeIgniter->runController(Object(App\Controllers\Dashboard))
12 SYSTEMPATH\CodeIgniter.php(354): CodeIgniter\CodeIgniter->handleRequest(null, Object(Config\Cache), false)
13 SYSTEMPATH\Boot.php(334): CodeIgniter\CodeIgniter->run()
14 SYSTEMPATH\Boot.php(67): CodeIgniter\Boot::runCodeIgniter(Object(CodeIgniter\CodeIgniter))
15 FCPATH\index.php(56): CodeIgniter\Boot::bootWeb(Object(Config\Paths))
16 SYSTEMPATH\rewrite.php(44): require_once('C:\\xampp2\\htdocs\\ci4\\public\\index.php')
CRITICAL - 2025-03-18 13:19:44 --> ErrorException: Undefined array key "nombre"
[Method: GET, Route: /]
in APPPATH\Views\templates\main.php on line 94.
 1 APPPATH\Views\templates\main.php(94): CodeIgniter\Debug\Exceptions->errorHandler(2, 'Undefined array key "nombre"', 'C:\\xampp2\\htdocs\\ci4\\app\\Views\\templates\\main.php', 94)
 2 SYSTEMPATH\View\View.php(224): include('C:\\xampp2\\htdocs\\ci4\\app\\Views\\templates\\main.php')
 3 SYSTEMPATH\View\View.php(227): CodeIgniter\View\View->CodeIgniter\View\{closure}()
 4 SYSTEMPATH\Common.php(1173): CodeIgniter\View\View->render('templates/main', [], true)
 5 APPPATH\Views\templates\estructura.php(3): view('templates/main')
 6 SYSTEMPATH\View\View.php(224): include('C:\\xampp2\\htdocs\\ci4\\app\\Views\\templates\\estructura.php')
 7 SYSTEMPATH\View\View.php(227): CodeIgniter\View\View->CodeIgniter\View\{closure}()
 8 SYSTEMPATH\Common.php(1173): CodeIgniter\View\View->render('templates/estructura', [], true)
 9 APPPATH\Controllers\Dashboard.php(29): view('templates/estructura', [...])
10 SYSTEMPATH\CodeIgniter.php(933): App\Controllers\Dashboard->index()
11 SYSTEMPATH\CodeIgniter.php(507): CodeIgniter\CodeIgniter->runController(Object(App\Controllers\Dashboard))
12 SYSTEMPATH\CodeIgniter.php(354): CodeIgniter\CodeIgniter->handleRequest(null, Object(Config\Cache), false)
13 SYSTEMPATH\Boot.php(334): CodeIgniter\CodeIgniter->run()
14 SYSTEMPATH\Boot.php(67): CodeIgniter\Boot::runCodeIgniter(Object(CodeIgniter\CodeIgniter))
15 FCPATH\index.php(56): CodeIgniter\Boot::bootWeb(Object(Config\Paths))
16 SYSTEMPATH\rewrite.php(44): require_once('C:\\xampp2\\htdocs\\ci4\\public\\index.php')
CRITICAL - 2025-03-18 13:19:47 --> ErrorException: Undefined array key "nombre"
[Method: GET, Route: /]
in APPPATH\Views\templates\main.php on line 94.
 1 APPPATH\Views\templates\main.php(94): CodeIgniter\Debug\Exceptions->errorHandler(2, 'Undefined array key "nombre"', 'C:\\xampp2\\htdocs\\ci4\\app\\Views\\templates\\main.php', 94)
 2 SYSTEMPATH\View\View.php(224): include('C:\\xampp2\\htdocs\\ci4\\app\\Views\\templates\\main.php')
 3 SYSTEMPATH\View\View.php(227): CodeIgniter\View\View->CodeIgniter\View\{closure}()
 4 SYSTEMPATH\Common.php(1173): CodeIgniter\View\View->render('templates/main', [], true)
 5 APPPATH\Views\templates\estructura.php(3): view('templates/main')
 6 SYSTEMPATH\View\View.php(224): include('C:\\xampp2\\htdocs\\ci4\\app\\Views\\templates\\estructura.php')
 7 SYSTEMPATH\View\View.php(227): CodeIgniter\View\View->CodeIgniter\View\{closure}()
 8 SYSTEMPATH\Common.php(1173): CodeIgniter\View\View->render('templates/estructura', [], true)
 9 APPPATH\Controllers\Dashboard.php(29): view('templates/estructura', [...])
10 SYSTEMPATH\CodeIgniter.php(933): App\Controllers\Dashboard->index()
11 SYSTEMPATH\CodeIgniter.php(507): CodeIgniter\CodeIgniter->runController(Object(App\Controllers\Dashboard))
12 SYSTEMPATH\CodeIgniter.php(354): CodeIgniter\CodeIgniter->handleRequest(null, Object(Config\Cache), false)
13 SYSTEMPATH\Boot.php(334): CodeIgniter\CodeIgniter->run()
14 SYSTEMPATH\Boot.php(67): CodeIgniter\Boot::runCodeIgniter(Object(CodeIgniter\CodeIgniter))
15 FCPATH\index.php(56): CodeIgniter\Boot::bootWeb(Object(Config\Paths))
16 SYSTEMPATH\rewrite.php(44): require_once('C:\\xampp2\\htdocs\\ci4\\public\\index.php')
CRITICAL - 2025-03-18 13:19:47 --> ErrorException: Undefined array key "nombre"
[Method: GET, Route: /]
in APPPATH\Views\templates\main.php on line 94.
 1 APPPATH\Views\templates\main.php(94): CodeIgniter\Debug\Exceptions->errorHandler(2, 'Undefined array key "nombre"', 'C:\\xampp2\\htdocs\\ci4\\app\\Views\\templates\\main.php', 94)
 2 SYSTEMPATH\View\View.php(224): include('C:\\xampp2\\htdocs\\ci4\\app\\Views\\templates\\main.php')
 3 SYSTEMPATH\View\View.php(227): CodeIgniter\View\View->CodeIgniter\View\{closure}()
 4 SYSTEMPATH\Common.php(1173): CodeIgniter\View\View->render('templates/main', [], true)
 5 APPPATH\Views\templates\estructura.php(3): view('templates/main')
 6 SYSTEMPATH\View\View.php(224): include('C:\\xampp2\\htdocs\\ci4\\app\\Views\\templates\\estructura.php')
 7 SYSTEMPATH\View\View.php(227): CodeIgniter\View\View->CodeIgniter\View\{closure}()
 8 SYSTEMPATH\Common.php(1173): CodeIgniter\View\View->render('templates/estructura', [], true)
 9 APPPATH\Controllers\Dashboard.php(29): view('templates/estructura', [...])
10 SYSTEMPATH\CodeIgniter.php(933): App\Controllers\Dashboard->index()
11 SYSTEMPATH\CodeIgniter.php(507): CodeIgniter\CodeIgniter->runController(Object(App\Controllers\Dashboard))
12 SYSTEMPATH\CodeIgniter.php(354): CodeIgniter\CodeIgniter->handleRequest(null, Object(Config\Cache), false)
13 SYSTEMPATH\Boot.php(334): CodeIgniter\CodeIgniter->run()
14 SYSTEMPATH\Boot.php(67): CodeIgniter\Boot::runCodeIgniter(Object(CodeIgniter\CodeIgniter))
15 FCPATH\index.php(56): CodeIgniter\Boot::bootWeb(Object(Config\Paths))
16 SYSTEMPATH\rewrite.php(44): require_once('C:\\xampp2\\htdocs\\ci4\\public\\index.php')
CRITICAL - 2025-03-18 13:19:48 --> ErrorException: Undefined array key "nombre"
[Method: GET, Route: /]
in APPPATH\Views\templates\main.php on line 94.
 1 APPPATH\Views\templates\main.php(94): CodeIgniter\Debug\Exceptions->errorHandler(2, 'Undefined array key "nombre"', 'C:\\xampp2\\htdocs\\ci4\\app\\Views\\templates\\main.php', 94)
 2 SYSTEMPATH\View\View.php(224): include('C:\\xampp2\\htdocs\\ci4\\app\\Views\\templates\\main.php')
 3 SYSTEMPATH\View\View.php(227): CodeIgniter\View\View->CodeIgniter\View\{closure}()
 4 SYSTEMPATH\Common.php(1173): CodeIgniter\View\View->render('templates/main', [], true)
 5 APPPATH\Views\templates\estructura.php(3): view('templates/main')
 6 SYSTEMPATH\View\View.php(224): include('C:\\xampp2\\htdocs\\ci4\\app\\Views\\templates\\estructura.php')
 7 SYSTEMPATH\View\View.php(227): CodeIgniter\View\View->CodeIgniter\View\{closure}()
 8 SYSTEMPATH\Common.php(1173): CodeIgniter\View\View->render('templates/estructura', [], true)
 9 APPPATH\Controllers\Dashboard.php(29): view('templates/estructura', [...])
10 SYSTEMPATH\CodeIgniter.php(933): App\Controllers\Dashboard->index()
11 SYSTEMPATH\CodeIgniter.php(507): CodeIgniter\CodeIgniter->runController(Object(App\Controllers\Dashboard))
12 SYSTEMPATH\CodeIgniter.php(354): CodeIgniter\CodeIgniter->handleRequest(null, Object(Config\Cache), false)
13 SYSTEMPATH\Boot.php(334): CodeIgniter\CodeIgniter->run()
14 SYSTEMPATH\Boot.php(67): CodeIgniter\Boot::runCodeIgniter(Object(CodeIgniter\CodeIgniter))
15 FCPATH\index.php(56): CodeIgniter\Boot::bootWeb(Object(Config\Paths))
16 SYSTEMPATH\rewrite.php(44): require_once('C:\\xampp2\\htdocs\\ci4\\public\\index.php')
CRITICAL - 2025-03-18 13:19:48 --> ErrorException: Undefined array key "nombre"
[Method: GET, Route: /]
in APPPATH\Views\templates\main.php on line 94.
 1 APPPATH\Views\templates\main.php(94): CodeIgniter\Debug\Exceptions->errorHandler(2, 'Undefined array key "nombre"', 'C:\\xampp2\\htdocs\\ci4\\app\\Views\\templates\\main.php', 94)
 2 SYSTEMPATH\View\View.php(224): include('C:\\xampp2\\htdocs\\ci4\\app\\Views\\templates\\main.php')
 3 SYSTEMPATH\View\View.php(227): CodeIgniter\View\View->CodeIgniter\View\{closure}()
 4 SYSTEMPATH\Common.php(1173): CodeIgniter\View\View->render('templates/main', [], true)
 5 APPPATH\Views\templates\estructura.php(3): view('templates/main')
 6 SYSTEMPATH\View\View.php(224): include('C:\\xampp2\\htdocs\\ci4\\app\\Views\\templates\\estructura.php')
 7 SYSTEMPATH\View\View.php(227): CodeIgniter\View\View->CodeIgniter\View\{closure}()
 8 SYSTEMPATH\Common.php(1173): CodeIgniter\View\View->render('templates/estructura', [], true)
 9 APPPATH\Controllers\Dashboard.php(29): view('templates/estructura', [...])
10 SYSTEMPATH\CodeIgniter.php(933): App\Controllers\Dashboard->index()
11 SYSTEMPATH\CodeIgniter.php(507): CodeIgniter\CodeIgniter->runController(Object(App\Controllers\Dashboard))
12 SYSTEMPATH\CodeIgniter.php(354): CodeIgniter\CodeIgniter->handleRequest(null, Object(Config\Cache), false)
13 SYSTEMPATH\Boot.php(334): CodeIgniter\CodeIgniter->run()
14 SYSTEMPATH\Boot.php(67): CodeIgniter\Boot::runCodeIgniter(Object(CodeIgniter\CodeIgniter))
15 FCPATH\index.php(56): CodeIgniter\Boot::bootWeb(Object(Config\Paths))
16 SYSTEMPATH\rewrite.php(44): require_once('C:\\xampp2\\htdocs\\ci4\\public\\index.php')
CRITICAL - 2025-03-18 13:19:48 --> ErrorException: Undefined array key "nombre"
[Method: GET, Route: /]
in APPPATH\Views\templates\main.php on line 94.
 1 APPPATH\Views\templates\main.php(94): CodeIgniter\Debug\Exceptions->errorHandler(2, 'Undefined array key "nombre"', 'C:\\xampp2\\htdocs\\ci4\\app\\Views\\templates\\main.php', 94)
 2 SYSTEMPATH\View\View.php(224): include('C:\\xampp2\\htdocs\\ci4\\app\\Views\\templates\\main.php')
 3 SYSTEMPATH\View\View.php(227): CodeIgniter\View\View->CodeIgniter\View\{closure}()
 4 SYSTEMPATH\Common.php(1173): CodeIgniter\View\View->render('templates/main', [], true)
 5 APPPATH\Views\templates\estructura.php(3): view('templates/main')
 6 SYSTEMPATH\View\View.php(224): include('C:\\xampp2\\htdocs\\ci4\\app\\Views\\templates\\estructura.php')
 7 SYSTEMPATH\View\View.php(227): CodeIgniter\View\View->CodeIgniter\View\{closure}()
 8 SYSTEMPATH\Common.php(1173): CodeIgniter\View\View->render('templates/estructura', [], true)
 9 APPPATH\Controllers\Dashboard.php(29): view('templates/estructura', [...])
10 SYSTEMPATH\CodeIgniter.php(933): App\Controllers\Dashboard->index()
11 SYSTEMPATH\CodeIgniter.php(507): CodeIgniter\CodeIgniter->runController(Object(App\Controllers\Dashboard))
12 SYSTEMPATH\CodeIgniter.php(354): CodeIgniter\CodeIgniter->handleRequest(null, Object(Config\Cache), false)
13 SYSTEMPATH\Boot.php(334): CodeIgniter\CodeIgniter->run()
14 SYSTEMPATH\Boot.php(67): CodeIgniter\Boot::runCodeIgniter(Object(CodeIgniter\CodeIgniter))
15 FCPATH\index.php(56): CodeIgniter\Boot::bootWeb(Object(Config\Paths))
16 SYSTEMPATH\rewrite.php(44): require_once('C:\\xampp2\\htdocs\\ci4\\public\\index.php')
CRITICAL - 2025-03-18 13:19:53 --> ErrorException: Undefined array key "nombre"
[Method: GET, Route: /]
in APPPATH\Views\templates\main.php on line 94.
 1 APPPATH\Views\templates\main.php(94): CodeIgniter\Debug\Exceptions->errorHandler(2, 'Undefined array key "nombre"', 'C:\\xampp2\\htdocs\\ci4\\app\\Views\\templates\\main.php', 94)
 2 SYSTEMPATH\View\View.php(224): include('C:\\xampp2\\htdocs\\ci4\\app\\Views\\templates\\main.php')
 3 SYSTEMPATH\View\View.php(227): CodeIgniter\View\View->CodeIgniter\View\{closure}()
 4 SYSTEMPATH\Common.php(1173): CodeIgniter\View\View->render('templates/main', [], true)
 5 APPPATH\Views\templates\estructura.php(3): view('templates/main')
 6 SYSTEMPATH\View\View.php(224): include('C:\\xampp2\\htdocs\\ci4\\app\\Views\\templates\\estructura.php')
 7 SYSTEMPATH\View\View.php(227): CodeIgniter\View\View->CodeIgniter\View\{closure}()
 8 SYSTEMPATH\Common.php(1173): CodeIgniter\View\View->render('templates/estructura', [], true)
 9 APPPATH\Controllers\Dashboard.php(29): view('templates/estructura', [...])
10 SYSTEMPATH\CodeIgniter.php(933): App\Controllers\Dashboard->index()
11 SYSTEMPATH\CodeIgniter.php(507): CodeIgniter\CodeIgniter->runController(Object(App\Controllers\Dashboard))
12 SYSTEMPATH\CodeIgniter.php(354): CodeIgniter\CodeIgniter->handleRequest(null, Object(Config\Cache), false)
13 SYSTEMPATH\Boot.php(334): CodeIgniter\CodeIgniter->run()
14 SYSTEMPATH\Boot.php(67): CodeIgniter\Boot::runCodeIgniter(Object(CodeIgniter\CodeIgniter))
15 FCPATH\index.php(56): CodeIgniter\Boot::bootWeb(Object(Config\Paths))
16 SYSTEMPATH\rewrite.php(44): require_once('C:\\xampp2\\htdocs\\ci4\\public\\index.php')
CRITICAL - 2025-03-18 13:27:23 --> ErrorException: Undefined array key "nombre"
[Method: GET, Route: /]
in APPPATH\Views\templates\main.php on line 94.
 1 APPPATH\Views\templates\main.php(94): CodeIgniter\Debug\Exceptions->errorHandler(2, 'Undefined array key "nombre"', 'C:\\xampp2\\htdocs\\ci4\\app\\Views\\templates\\main.php', 94)
 2 SYSTEMPATH\View\View.php(224): include('C:\\xampp2\\htdocs\\ci4\\app\\Views\\templates\\main.php')
 3 SYSTEMPATH\View\View.php(227): CodeIgniter\View\View->CodeIgniter\View\{closure}()
 4 SYSTEMPATH\Common.php(1173): CodeIgniter\View\View->render('templates/main', [], true)
 5 APPPATH\Views\templates\estructura.php(3): view('templates/main')
 6 SYSTEMPATH\View\View.php(224): include('C:\\xampp2\\htdocs\\ci4\\app\\Views\\templates\\estructura.php')
 7 SYSTEMPATH\View\View.php(227): CodeIgniter\View\View->CodeIgniter\View\{closure}()
 8 SYSTEMPATH\Common.php(1173): CodeIgniter\View\View->render('templates/estructura', [], true)
 9 APPPATH\Controllers\Dashboard.php(29): view('templates/estructura', [...])
10 SYSTEMPATH\CodeIgniter.php(933): App\Controllers\Dashboard->index()
11 SYSTEMPATH\CodeIgniter.php(507): CodeIgniter\CodeIgniter->runController(Object(App\Controllers\Dashboard))
12 SYSTEMPATH\CodeIgniter.php(354): CodeIgniter\CodeIgniter->handleRequest(null, Object(Config\Cache), false)
13 SYSTEMPATH\Boot.php(334): CodeIgniter\CodeIgniter->run()
14 SYSTEMPATH\Boot.php(67): CodeIgniter\Boot::runCodeIgniter(Object(CodeIgniter\CodeIgniter))
15 FCPATH\index.php(56): CodeIgniter\Boot::bootWeb(Object(Config\Paths))
16 SYSTEMPATH\rewrite.php(44): require_once('C:\\xampp2\\htdocs\\ci4\\public\\index.php')
CRITICAL - 2025-03-18 13:28:37 --> ErrorException: Undefined array key "nombre"
[Method: GET, Route: /]
in APPPATH\Views\templates\main.php on line 94.
 1 APPPATH\Views\templates\main.php(94): CodeIgniter\Debug\Exceptions->errorHandler(2, 'Undefined array key "nombre"', 'C:\\xampp2\\htdocs\\ci4\\app\\Views\\templates\\main.php', 94)
 2 SYSTEMPATH\View\View.php(224): include('C:\\xampp2\\htdocs\\ci4\\app\\Views\\templates\\main.php')
 3 SYSTEMPATH\View\View.php(227): CodeIgniter\View\View->CodeIgniter\View\{closure}()
 4 SYSTEMPATH\Common.php(1173): CodeIgniter\View\View->render('templates/main', [], true)
 5 APPPATH\Views\templates\estructura.php(3): view('templates/main')
 6 SYSTEMPATH\View\View.php(224): include('C:\\xampp2\\htdocs\\ci4\\app\\Views\\templates\\estructura.php')
 7 SYSTEMPATH\View\View.php(227): CodeIgniter\View\View->CodeIgniter\View\{closure}()
 8 SYSTEMPATH\Common.php(1173): CodeIgniter\View\View->render('templates/estructura', [], true)
 9 APPPATH\Controllers\Dashboard.php(29): view('templates/estructura', [...])
10 SYSTEMPATH\CodeIgniter.php(933): App\Controllers\Dashboard->index()
11 SYSTEMPATH\CodeIgniter.php(507): CodeIgniter\CodeIgniter->runController(Object(App\Controllers\Dashboard))
12 SYSTEMPATH\CodeIgniter.php(354): CodeIgniter\CodeIgniter->handleRequest(null, Object(Config\Cache), false)
13 SYSTEMPATH\Boot.php(334): CodeIgniter\CodeIgniter->run()
14 SYSTEMPATH\Boot.php(67): CodeIgniter\Boot::runCodeIgniter(Object(CodeIgniter\CodeIgniter))
15 FCPATH\index.php(56): CodeIgniter\Boot::bootWeb(Object(Config\Paths))
16 SYSTEMPATH\rewrite.php(44): require_once('C:\\xampp2\\htdocs\\ci4\\public\\index.php')
CRITICAL - 2025-03-18 13:30:49 --> ErrorException: Undefined array key "nombre"
[Method: GET, Route: /]
in APPPATH\Views\templates\main.php on line 94.
 1 APPPATH\Views\templates\main.php(94): CodeIgniter\Debug\Exceptions->errorHandler(2, 'Undefined array key "nombre"', 'C:\\xampp2\\htdocs\\ci4\\app\\Views\\templates\\main.php', 94)
 2 SYSTEMPATH\View\View.php(224): include('C:\\xampp2\\htdocs\\ci4\\app\\Views\\templates\\main.php')
 3 SYSTEMPATH\View\View.php(227): CodeIgniter\View\View->CodeIgniter\View\{closure}()
 4 SYSTEMPATH\Common.php(1173): CodeIgniter\View\View->render('templates/main', [], true)
 5 APPPATH\Views\templates\estructura.php(3): view('templates/main')
 6 SYSTEMPATH\View\View.php(224): include('C:\\xampp2\\htdocs\\ci4\\app\\Views\\templates\\estructura.php')
 7 SYSTEMPATH\View\View.php(227): CodeIgniter\View\View->CodeIgniter\View\{closure}()
 8 SYSTEMPATH\Common.php(1173): CodeIgniter\View\View->render('templates/estructura', [], true)
 9 APPPATH\Controllers\Dashboard.php(29): view('templates/estructura', [...])
10 SYSTEMPATH\CodeIgniter.php(933): App\Controllers\Dashboard->index()
11 SYSTEMPATH\CodeIgniter.php(507): CodeIgniter\CodeIgniter->runController(Object(App\Controllers\Dashboard))
12 SYSTEMPATH\CodeIgniter.php(354): CodeIgniter\CodeIgniter->handleRequest(null, Object(Config\Cache), false)
13 SYSTEMPATH\Boot.php(334): CodeIgniter\CodeIgniter->run()
14 SYSTEMPATH\Boot.php(67): CodeIgniter\Boot::runCodeIgniter(Object(CodeIgniter\CodeIgniter))
15 FCPATH\index.php(56): CodeIgniter\Boot::bootWeb(Object(Config\Paths))
16 SYSTEMPATH\rewrite.php(44): require_once('C:\\xampp2\\htdocs\\ci4\\public\\index.php')
CRITICAL - 2025-03-18 13:30:50 --> ErrorException: Undefined array key "nombre"
[Method: GET, Route: dashboard]
in APPPATH\Views\templates\main.php on line 94.
 1 APPPATH\Views\templates\main.php(94): CodeIgniter\Debug\Exceptions->errorHandler(2, 'Undefined array key "nombre"', 'C:\\xampp2\\htdocs\\ci4\\app\\Views\\templates\\main.php', 94)
 2 SYSTEMPATH\View\View.php(224): include('C:\\xampp2\\htdocs\\ci4\\app\\Views\\templates\\main.php')
 3 SYSTEMPATH\View\View.php(227): CodeIgniter\View\View->CodeIgniter\View\{closure}()
 4 SYSTEMPATH\Common.php(1173): CodeIgniter\View\View->render('templates/main', [], true)
 5 APPPATH\Views\templates\estructura.php(3): view('templates/main')
 6 SYSTEMPATH\View\View.php(224): include('C:\\xampp2\\htdocs\\ci4\\app\\Views\\templates\\estructura.php')
 7 SYSTEMPATH\View\View.php(227): CodeIgniter\View\View->CodeIgniter\View\{closure}()
 8 SYSTEMPATH\Common.php(1173): CodeIgniter\View\View->render('templates/estructura', [], true)
 9 APPPATH\Controllers\Dashboard.php(29): view('templates/estructura', [...])
10 SYSTEMPATH\CodeIgniter.php(933): App\Controllers\Dashboard->index()
11 SYSTEMPATH\CodeIgniter.php(507): CodeIgniter\CodeIgniter->runController(Object(App\Controllers\Dashboard))
12 SYSTEMPATH\CodeIgniter.php(354): CodeIgniter\CodeIgniter->handleRequest(null, Object(Config\Cache), false)
13 SYSTEMPATH\Boot.php(334): CodeIgniter\CodeIgniter->run()
14 SYSTEMPATH\Boot.php(67): CodeIgniter\Boot::runCodeIgniter(Object(CodeIgniter\CodeIgniter))
15 FCPATH\index.php(56): CodeIgniter\Boot::bootWeb(Object(Config\Paths))
16 SYSTEMPATH\rewrite.php(44): require_once('C:\\xampp2\\htdocs\\ci4\\public\\index.php')
CRITICAL - 2025-03-18 13:30:51 --> ErrorException: Undefined array key "nombre"
[Method: GET, Route: dashboard]
in APPPATH\Views\templates\main.php on line 94.
 1 APPPATH\Views\templates\main.php(94): CodeIgniter\Debug\Exceptions->errorHandler(2, 'Undefined array key "nombre"', 'C:\\xampp2\\htdocs\\ci4\\app\\Views\\templates\\main.php', 94)
 2 SYSTEMPATH\View\View.php(224): include('C:\\xampp2\\htdocs\\ci4\\app\\Views\\templates\\main.php')
 3 SYSTEMPATH\View\View.php(227): CodeIgniter\View\View->CodeIgniter\View\{closure}()
 4 SYSTEMPATH\Common.php(1173): CodeIgniter\View\View->render('templates/main', [], true)
 5 APPPATH\Views\templates\estructura.php(3): view('templates/main')
 6 SYSTEMPATH\View\View.php(224): include('C:\\xampp2\\htdocs\\ci4\\app\\Views\\templates\\estructura.php')
 7 SYSTEMPATH\View\View.php(227): CodeIgniter\View\View->CodeIgniter\View\{closure}()
 8 SYSTEMPATH\Common.php(1173): CodeIgniter\View\View->render('templates/estructura', [], true)
 9 APPPATH\Controllers\Dashboard.php(29): view('templates/estructura', [...])
10 SYSTEMPATH\CodeIgniter.php(933): App\Controllers\Dashboard->index()
11 SYSTEMPATH\CodeIgniter.php(507): CodeIgniter\CodeIgniter->runController(Object(App\Controllers\Dashboard))
12 SYSTEMPATH\CodeIgniter.php(354): CodeIgniter\CodeIgniter->handleRequest(null, Object(Config\Cache), false)
13 SYSTEMPATH\Boot.php(334): CodeIgniter\CodeIgniter->run()
14 SYSTEMPATH\Boot.php(67): CodeIgniter\Boot::runCodeIgniter(Object(CodeIgniter\CodeIgniter))
15 FCPATH\index.php(56): CodeIgniter\Boot::bootWeb(Object(Config\Paths))
16 SYSTEMPATH\rewrite.php(44): require_once('C:\\xampp2\\htdocs\\ci4\\public\\index.php')
CRITICAL - 2025-03-18 13:30:58 --> ErrorException: Undefined array key "nombre"
[Method: GET, Route: /]
in APPPATH\Views\templates\main.php on line 94.
 1 APPPATH\Views\templates\main.php(94): CodeIgniter\Debug\Exceptions->errorHandler(2, 'Undefined array key "nombre"', 'C:\\xampp2\\htdocs\\ci4\\app\\Views\\templates\\main.php', 94)
 2 SYSTEMPATH\View\View.php(224): include('C:\\xampp2\\htdocs\\ci4\\app\\Views\\templates\\main.php')
 3 SYSTEMPATH\View\View.php(227): CodeIgniter\View\View->CodeIgniter\View\{closure}()
 4 SYSTEMPATH\Common.php(1173): CodeIgniter\View\View->render('templates/main', [], true)
 5 APPPATH\Views\templates\estructura.php(3): view('templates/main')
 6 SYSTEMPATH\View\View.php(224): include('C:\\xampp2\\htdocs\\ci4\\app\\Views\\templates\\estructura.php')
 7 SYSTEMPATH\View\View.php(227): CodeIgniter\View\View->CodeIgniter\View\{closure}()
 8 SYSTEMPATH\Common.php(1173): CodeIgniter\View\View->render('templates/estructura', [], true)
 9 APPPATH\Controllers\Dashboard.php(29): view('templates/estructura', [...])
10 SYSTEMPATH\CodeIgniter.php(933): App\Controllers\Dashboard->index()
11 SYSTEMPATH\CodeIgniter.php(507): CodeIgniter\CodeIgniter->runController(Object(App\Controllers\Dashboard))
12 SYSTEMPATH\CodeIgniter.php(354): CodeIgniter\CodeIgniter->handleRequest(null, Object(Config\Cache), false)
13 SYSTEMPATH\Boot.php(334): CodeIgniter\CodeIgniter->run()
14 SYSTEMPATH\Boot.php(67): CodeIgniter\Boot::runCodeIgniter(Object(CodeIgniter\CodeIgniter))
15 FCPATH\index.php(56): CodeIgniter\Boot::bootWeb(Object(Config\Paths))
16 SYSTEMPATH\rewrite.php(44): require_once('C:\\xampp2\\htdocs\\ci4\\public\\index.php')
ERROR - 2025-03-18 13:35:11 --> mysqli_sql_exception: Unknown column 'created_at' in 'field list' in C:\xampp2\htdocs\ci4\system\Database\MySQLi\Connection.php:327
Stack trace:
#0 C:\xampp2\htdocs\ci4\system\Database\MySQLi\Connection.php(327): mysqli->query('INSERT INTO `us...', 0)
#1 C:\xampp2\htdocs\ci4\system\Database\BaseConnection.php(738): CodeIgniter\Database\MySQLi\Connection->execute('INSERT INTO `us...')
#2 C:\xampp2\htdocs\ci4\system\Database\BaseConnection.php(652): CodeIgniter\Database\BaseConnection->simpleQuery('INSERT INTO `us...')
#3 C:\xampp2\htdocs\ci4\system\Database\BaseBuilder.php(2345): CodeIgniter\Database\BaseConnection->query('INSERT INTO `us...', Array, false)
#4 C:\xampp2\htdocs\ci4\system\Model.php(394): CodeIgniter\Database\BaseBuilder->insert()
#5 C:\xampp2\htdocs\ci4\system\BaseModel.php(839): CodeIgniter\Model->doInsert(Array)
#6 C:\xampp2\htdocs\ci4\system\Model.php(800): CodeIgniter\BaseModel->insert(Array, true)
#7 C:\xampp2\htdocs\ci4\app\Controllers\UsuarioController.php(101): CodeIgniter\Model->insert(Array)
#8 C:\xampp2\htdocs\ci4\system\CodeIgniter.php(933): App\Controllers\UsuarioController->guardar()
#9 C:\xampp2\htdocs\ci4\system\CodeIgniter.php(507): CodeIgniter\CodeIgniter->runController(Object(App\Controllers\UsuarioController))
#10 C:\xampp2\htdocs\ci4\system\CodeIgniter.php(354): CodeIgniter\CodeIgniter->handleRequest(NULL, Object(Config\Cache), false)
#11 C:\xampp2\htdocs\ci4\system\Boot.php(334): CodeIgniter\CodeIgniter->run()
#12 C:\xampp2\htdocs\ci4\system\Boot.php(67): CodeIgniter\Boot::runCodeIgniter(Object(CodeIgniter\CodeIgniter))
#13 C:\xampp2\htdocs\ci4\public\index.php(56): CodeIgniter\Boot::bootWeb(Object(Config\Paths))
#14 C:\xampp2\htdocs\ci4\system\rewrite.php(44): require_once('C:\\xampp2\\htdoc...')
#15 {main}
CRITICAL - 2025-03-18 13:35:11 --> CodeIgniter\Database\Exceptions\DatabaseException: Unknown column 'created_at' in 'field list'
[Method: POST, Route: usuarios/guardar]
in SYSTEMPATH\Database\BaseConnection.php on line 692.
 1 SYSTEMPATH\Database\BaseBuilder.php(2345): CodeIgniter\Database\BaseConnection->query('INSERT INTO `usuarios` (`nombre`, `email`, `password`, `created_at`, `updated_at`) VALUES (:nombre:, :email:, :password:, :created_at:, :updated_at:)', [...], false)
 2 SYSTEMPATH\Model.php(394): CodeIgniter\Database\BaseBuilder->insert()
 3 SYSTEMPATH\BaseModel.php(839): CodeIgniter\Model->doInsert([...])
 4 SYSTEMPATH\Model.php(800): CodeIgniter\BaseModel->insert([...], true)
 5 APPPATH\Controllers\UsuarioController.php(101): CodeIgniter\Model->insert([...])
 6 SYSTEMPATH\CodeIgniter.php(933): App\Controllers\UsuarioController->guardar()
 7 SYSTEMPATH\CodeIgniter.php(507): CodeIgniter\CodeIgniter->runController(Object(App\Controllers\UsuarioController))
 8 SYSTEMPATH\CodeIgniter.php(354): CodeIgniter\CodeIgniter->handleRequest(null, Object(Config\Cache), false)
 9 SYSTEMPATH\Boot.php(334): CodeIgniter\CodeIgniter->run()
10 SYSTEMPATH\Boot.php(67): CodeIgniter\Boot::runCodeIgniter(Object(CodeIgniter\CodeIgniter))
11 FCPATH\index.php(56): CodeIgniter\Boot::bootWeb(Object(Config\Paths))
12 SYSTEMPATH\rewrite.php(44): require_once('C:\\xampp2\\htdocs\\ci4\\public\\index.php')
CRITICAL - 2025-03-18 13:35:11 --> [Caused by] CodeIgniter\Database\Exceptions\DatabaseException: Unknown column 'created_at' in 'field list'
in SYSTEMPATH\Database\MySQLi\Connection.php on line 332.
 1 SYSTEMPATH\Database\BaseConnection.php(738): CodeIgniter\Database\MySQLi\Connection->execute('INSERT INTO `usuarios` (`nombre`, `email`, `password`, `created_at`, `updated_at`) VALUES (\'Alvaro Apaza\', \'aapaza@gmail.com\', \'$2y$10$U6WN4lzLB/wGHzaMfO/1e.ooQcHbW5qLl2Pe5wvCUuroputhPyBcS\', \'2025-03-18 13:35:11\', \'2025-03-18 13:35:11\')')
 2 SYSTEMPATH\Database\BaseConnection.php(652): CodeIgniter\Database\BaseConnection->simpleQuery('INSERT INTO `usuarios` (`nombre`, `email`, `password`, `created_at`, `updated_at`) VALUES (\'Alvaro Apaza\', \'aapaza@gmail.com\', \'$2y$10$U6WN4lzLB/wGHzaMfO/1e.ooQcHbW5qLl2Pe5wvCUuroputhPyBcS\', \'2025-03-18 13:35:11\', \'2025-03-18 13:35:11\')')
 3 SYSTEMPATH\Database\BaseBuilder.php(2345): CodeIgniter\Database\BaseConnection->query('INSERT INTO `usuarios` (`nombre`, `email`, `password`, `created_at`, `updated_at`) VALUES (:nombre:, :email:, :password:, :created_at:, :updated_at:)', [...], false)
 4 SYSTEMPATH\Model.php(394): CodeIgniter\Database\BaseBuilder->insert()
 5 SYSTEMPATH\BaseModel.php(839): CodeIgniter\Model->doInsert([...])
 6 SYSTEMPATH\Model.php(800): CodeIgniter\BaseModel->insert([...], true)
 7 APPPATH\Controllers\UsuarioController.php(101): CodeIgniter\Model->insert([...])
 8 SYSTEMPATH\CodeIgniter.php(933): App\Controllers\UsuarioController->guardar()
 9 SYSTEMPATH\CodeIgniter.php(507): CodeIgniter\CodeIgniter->runController(Object(App\Controllers\UsuarioController))
10 SYSTEMPATH\CodeIgniter.php(354): CodeIgniter\CodeIgniter->handleRequest(null, Object(Config\Cache), false)
11 SYSTEMPATH\Boot.php(334): CodeIgniter\CodeIgniter->run()
12 SYSTEMPATH\Boot.php(67): CodeIgniter\Boot::runCodeIgniter(Object(CodeIgniter\CodeIgniter))
13 FCPATH\index.php(56): CodeIgniter\Boot::bootWeb(Object(Config\Paths))
14 SYSTEMPATH\rewrite.php(44): require_once('C:\\xampp2\\htdocs\\ci4\\public\\index.php')
CRITICAL - 2025-03-18 13:35:11 --> [Caused by] mysqli_sql_exception: Unknown column 'created_at' in 'field list'
in SYSTEMPATH\Database\MySQLi\Connection.php on line 327.
 1 SYSTEMPATH\Database\MySQLi\Connection.php(327): mysqli->query('INSERT INTO `usuarios` (`nombre`, `email`, `password`, `created_at`, `updated_at`) VALUES (\'Alvaro Apaza\', \'aapaza@gmail.com\', \'$2y$10$U6WN4lzLB/wGHzaMfO/1e.ooQcHbW5qLl2Pe5wvCUuroputhPyBcS\', \'2025-03-18 13:35:11\', \'2025-03-18 13:35:11\')', 0)
 2 SYSTEMPATH\Database\BaseConnection.php(738): CodeIgniter\Database\MySQLi\Connection->execute('INSERT INTO `usuarios` (`nombre`, `email`, `password`, `created_at`, `updated_at`) VALUES (\'Alvaro Apaza\', \'aapaza@gmail.com\', \'$2y$10$U6WN4lzLB/wGHzaMfO/1e.ooQcHbW5qLl2Pe5wvCUuroputhPyBcS\', \'2025-03-18 13:35:11\', \'2025-03-18 13:35:11\')')
 3 SYSTEMPATH\Database\BaseConnection.php(652): CodeIgniter\Database\BaseConnection->simpleQuery('INSERT INTO `usuarios` (`nombre`, `email`, `password`, `created_at`, `updated_at`) VALUES (\'Alvaro Apaza\', \'aapaza@gmail.com\', \'$2y$10$U6WN4lzLB/wGHzaMfO/1e.ooQcHbW5qLl2Pe5wvCUuroputhPyBcS\', \'2025-03-18 13:35:11\', \'2025-03-18 13:35:11\')')
 4 SYSTEMPATH\Database\BaseBuilder.php(2345): CodeIgniter\Database\BaseConnection->query('INSERT INTO `usuarios` (`nombre`, `email`, `password`, `created_at`, `updated_at`) VALUES (:nombre:, :email:, :password:, :created_at:, :updated_at:)', [...], false)
 5 SYSTEMPATH\Model.php(394): CodeIgniter\Database\BaseBuilder->insert()
 6 SYSTEMPATH\BaseModel.php(839): CodeIgniter\Model->doInsert([...])
 7 SYSTEMPATH\Model.php(800): CodeIgniter\BaseModel->insert([...], true)
 8 APPPATH\Controllers\UsuarioController.php(101): CodeIgniter\Model->insert([...])
 9 SYSTEMPATH\CodeIgniter.php(933): App\Controllers\UsuarioController->guardar()
10 SYSTEMPATH\CodeIgniter.php(507): CodeIgniter\CodeIgniter->runController(Object(App\Controllers\UsuarioController))
11 SYSTEMPATH\CodeIgniter.php(354): CodeIgniter\CodeIgniter->handleRequest(null, Object(Config\Cache), false)
12 SYSTEMPATH\Boot.php(334): CodeIgniter\CodeIgniter->run()
13 SYSTEMPATH\Boot.php(67): CodeIgniter\Boot::runCodeIgniter(Object(CodeIgniter\CodeIgniter))
14 FCPATH\index.php(56): CodeIgniter\Boot::bootWeb(Object(Config\Paths))
15 SYSTEMPATH\rewrite.php(44): require_once('C:\\xampp2\\htdocs\\ci4\\public\\index.php')
CRITICAL - 2025-03-18 13:39:13 --> ErrorException: Undefined variable $usuario
[Method: GET, Route: persons/create]
in APPPATH\Views\templates\main.php on line 94.
 1 APPPATH\Views\templates\main.php(94): CodeIgniter\Debug\Exceptions->errorHandler(2, 'Undefined variable $usuario', 'C:\\xampp2\\htdocs\\ci4\\app\\Views\\templates\\main.php', 94)
 2 SYSTEMPATH\View\View.php(224): include('C:\\xampp2\\htdocs\\ci4\\app\\Views\\templates\\main.php')
 3 SYSTEMPATH\View\View.php(227): CodeIgniter\View\View->CodeIgniter\View\{closure}()
 4 SYSTEMPATH\Common.php(1173): CodeIgniter\View\View->render('templates/main', [], true)
 5 APPPATH\Views\templates\estructura.php(3): view('templates/main')
 6 SYSTEMPATH\View\View.php(224): include('C:\\xampp2\\htdocs\\ci4\\app\\Views\\templates\\estructura.php')
 7 SYSTEMPATH\View\View.php(227): CodeIgniter\View\View->CodeIgniter\View\{closure}()
 8 SYSTEMPATH\Common.php(1173): CodeIgniter\View\View->render('templates/estructura', [], true)
 9 APPPATH\Controllers\Persona.php(72): view('templates/estructura', [...])
10 SYSTEMPATH\CodeIgniter.php(933): App\Controllers\Persona->create()
11 SYSTEMPATH\CodeIgniter.php(507): CodeIgniter\CodeIgniter->runController(Object(App\Controllers\Persona))
12 SYSTEMPATH\CodeIgniter.php(354): CodeIgniter\CodeIgniter->handleRequest(null, Object(Config\Cache), false)
13 SYSTEMPATH\Boot.php(334): CodeIgniter\CodeIgniter->run()
14 SYSTEMPATH\Boot.php(67): CodeIgniter\Boot::runCodeIgniter(Object(CodeIgniter\CodeIgniter))
15 FCPATH\index.php(56): CodeIgniter\Boot::bootWeb(Object(Config\Paths))
16 SYSTEMPATH\rewrite.php(44): require_once('C:\\xampp2\\htdocs\\ci4\\public\\index.php')
ERROR - 2025-03-18 13:53:52 --> mysqli_sql_exception: Unknown column 'num_comp' in 'field list' in C:\xampp2\htdocs\ci4\system\Database\MySQLi\Connection.php:327
Stack trace:
#0 C:\xampp2\htdocs\ci4\system\Database\MySQLi\Connection.php(327): mysqli->query('SELECT `num_com...', 0)
#1 C:\xampp2\htdocs\ci4\system\Database\BaseConnection.php(738): CodeIgniter\Database\MySQLi\Connection->execute('SELECT `num_com...')
#2 C:\xampp2\htdocs\ci4\system\Database\BaseConnection.php(652): CodeIgniter\Database\BaseConnection->simpleQuery('SELECT `num_com...')
#3 C:\xampp2\htdocs\ci4\system\Database\BaseBuilder.php(1649): CodeIgniter\Database\BaseConnection->query('SELECT `num_com...', Array, false)
#4 C:\xampp2\htdocs\ci4\system\Model.php(330): CodeIgniter\Database\BaseBuilder->get()
#5 C:\xampp2\htdocs\ci4\system\BaseModel.php(713): CodeIgniter\Model->doFirst()
#6 C:\xampp2\htdocs\ci4\app\Models\AportesModel.php(18): CodeIgniter\BaseModel->first()
#7 C:\xampp2\htdocs\ci4\app\Controllers\AportesController.php(14): App\Models\AportesModel->getLastNumComp()
#8 C:\xampp2\htdocs\ci4\system\CodeIgniter.php(933): App\Controllers\AportesController->mostrarFormulario()
#9 C:\xampp2\htdocs\ci4\system\CodeIgniter.php(507): CodeIgniter\CodeIgniter->runController(Object(App\Controllers\AportesController))
#10 C:\xampp2\htdocs\ci4\system\CodeIgniter.php(354): CodeIgniter\CodeIgniter->handleRequest(NULL, Object(Config\Cache), false)
#11 C:\xampp2\htdocs\ci4\system\Boot.php(334): CodeIgniter\CodeIgniter->run()
#12 C:\xampp2\htdocs\ci4\system\Boot.php(67): CodeIgniter\Boot::runCodeIgniter(Object(CodeIgniter\CodeIgniter))
#13 C:\xampp2\htdocs\ci4\public\index.php(56): CodeIgniter\Boot::bootWeb(Object(Config\Paths))
#14 C:\xampp2\htdocs\ci4\system\rewrite.php(44): require_once('C:\\xampp2\\htdoc...')
#15 {main}
CRITICAL - 2025-03-18 13:53:52 --> CodeIgniter\Database\Exceptions\DatabaseException: Unknown column 'num_comp' in 'field list'
[Method: GET, Route: aportes/formulario]
in SYSTEMPATH\Database\BaseConnection.php on line 692.
 1 SYSTEMPATH\Database\BaseBuilder.php(1649): CodeIgniter\Database\BaseConnection->query('SELECT `num_comp`
FROM `pagos`
ORDER BY `num_comp` DESC
 LIMIT 1', [], false)
 2 SYSTEMPATH\Model.php(330): CodeIgniter\Database\BaseBuilder->get()
 3 SYSTEMPATH\BaseModel.php(713): CodeIgniter\Model->doFirst()
 4 APPPATH\Models\AportesModel.php(18): CodeIgniter\BaseModel->first()
 5 APPPATH\Controllers\AportesController.php(14): App\Models\AportesModel->getLastNumComp()
 6 SYSTEMPATH\CodeIgniter.php(933): App\Controllers\AportesController->mostrarFormulario()
 7 SYSTEMPATH\CodeIgniter.php(507): CodeIgniter\CodeIgniter->runController(Object(App\Controllers\AportesController))
 8 SYSTEMPATH\CodeIgniter.php(354): CodeIgniter\CodeIgniter->handleRequest(null, Object(Config\Cache), false)
 9 SYSTEMPATH\Boot.php(334): CodeIgniter\CodeIgniter->run()
10 SYSTEMPATH\Boot.php(67): CodeIgniter\Boot::runCodeIgniter(Object(CodeIgniter\CodeIgniter))
11 FCPATH\index.php(56): CodeIgniter\Boot::bootWeb(Object(Config\Paths))
12 SYSTEMPATH\rewrite.php(44): require_once('C:\\xampp2\\htdocs\\ci4\\public\\index.php')
CRITICAL - 2025-03-18 13:53:52 --> [Caused by] CodeIgniter\Database\Exceptions\DatabaseException: Unknown column 'num_comp' in 'field list'
in SYSTEMPATH\Database\MySQLi\Connection.php on line 332.
 1 SYSTEMPATH\Database\BaseConnection.php(738): CodeIgniter\Database\MySQLi\Connection->execute('SELECT `num_comp`
FROM `pagos`
ORDER BY `num_comp` DESC
 LIMIT 1')
 2 SYSTEMPATH\Database\BaseConnection.php(652): CodeIgniter\Database\BaseConnection->simpleQuery('SELECT `num_comp`
FROM `pagos`
ORDER BY `num_comp` DESC
 LIMIT 1')
 3 SYSTEMPATH\Database\BaseBuilder.php(1649): CodeIgniter\Database\BaseConnection->query('SELECT `num_comp`
FROM `pagos`
ORDER BY `num_comp` DESC
 LIMIT 1', [], false)
 4 SYSTEMPATH\Model.php(330): CodeIgniter\Database\BaseBuilder->get()
 5 SYSTEMPATH\BaseModel.php(713): CodeIgniter\Model->doFirst()
 6 APPPATH\Models\AportesModel.php(18): CodeIgniter\BaseModel->first()
 7 APPPATH\Controllers\AportesController.php(14): App\Models\AportesModel->getLastNumComp()
 8 SYSTEMPATH\CodeIgniter.php(933): App\Controllers\AportesController->mostrarFormulario()
 9 SYSTEMPATH\CodeIgniter.php(507): CodeIgniter\CodeIgniter->runController(Object(App\Controllers\AportesController))
10 SYSTEMPATH\CodeIgniter.php(354): CodeIgniter\CodeIgniter->handleRequest(null, Object(Config\Cache), false)
11 SYSTEMPATH\Boot.php(334): CodeIgniter\CodeIgniter->run()
12 SYSTEMPATH\Boot.php(67): CodeIgniter\Boot::runCodeIgniter(Object(CodeIgniter\CodeIgniter))
13 FCPATH\index.php(56): CodeIgniter\Boot::bootWeb(Object(Config\Paths))
14 SYSTEMPATH\rewrite.php(44): require_once('C:\\xampp2\\htdocs\\ci4\\public\\index.php')
CRITICAL - 2025-03-18 13:53:52 --> [Caused by] mysqli_sql_exception: Unknown column 'num_comp' in 'field list'
in SYSTEMPATH\Database\MySQLi\Connection.php on line 327.
 1 SYSTEMPATH\Database\MySQLi\Connection.php(327): mysqli->query('SELECT `num_comp`
FROM `pagos`
ORDER BY `num_comp` DESC
 LIMIT 1', 0)
 2 SYSTEMPATH\Database\BaseConnection.php(738): CodeIgniter\Database\MySQLi\Connection->execute('SELECT `num_comp`
FROM `pagos`
ORDER BY `num_comp` DESC
 LIMIT 1')
 3 SYSTEMPATH\Database\BaseConnection.php(652): CodeIgniter\Database\BaseConnection->simpleQuery('SELECT `num_comp`
FROM `pagos`
ORDER BY `num_comp` DESC
 LIMIT 1')
 4 SYSTEMPATH\Database\BaseBuilder.php(1649): CodeIgniter\Database\BaseConnection->query('SELECT `num_comp`
FROM `pagos`
ORDER BY `num_comp` DESC
 LIMIT 1', [], false)
 5 SYSTEMPATH\Model.php(330): CodeIgniter\Database\BaseBuilder->get()
 6 SYSTEMPATH\BaseModel.php(713): CodeIgniter\Model->doFirst()
 7 APPPATH\Models\AportesModel.php(18): CodeIgniter\BaseModel->first()
 8 APPPATH\Controllers\AportesController.php(14): App\Models\AportesModel->getLastNumComp()
 9 SYSTEMPATH\CodeIgniter.php(933): App\Controllers\AportesController->mostrarFormulario()
10 SYSTEMPATH\CodeIgniter.php(507): CodeIgniter\CodeIgniter->runController(Object(App\Controllers\AportesController))
11 SYSTEMPATH\CodeIgniter.php(354): CodeIgniter\CodeIgniter->handleRequest(null, Object(Config\Cache), false)
12 SYSTEMPATH\Boot.php(334): CodeIgniter\CodeIgniter->run()
13 SYSTEMPATH\Boot.php(67): CodeIgniter\Boot::runCodeIgniter(Object(CodeIgniter\CodeIgniter))
14 FCPATH\index.php(56): CodeIgniter\Boot::bootWeb(Object(Config\Paths))
15 SYSTEMPATH\rewrite.php(44): require_once('C:\\xampp2\\htdocs\\ci4\\public\\index.php')
ERROR - 2025-03-18 13:55:12 --> mysqli_sql_exception: Unknown column 'num_comp' in 'field list' in C:\xampp2\htdocs\ci4\system\Database\MySQLi\Connection.php:327
Stack trace:
#0 C:\xampp2\htdocs\ci4\system\Database\MySQLi\Connection.php(327): mysqli->query('SELECT `num_com...', 0)
#1 C:\xampp2\htdocs\ci4\system\Database\BaseConnection.php(738): CodeIgniter\Database\MySQLi\Connection->execute('SELECT `num_com...')
#2 C:\xampp2\htdocs\ci4\system\Database\BaseConnection.php(652): CodeIgniter\Database\BaseConnection->simpleQuery('SELECT `num_com...')
#3 C:\xampp2\htdocs\ci4\system\Database\BaseBuilder.php(1649): CodeIgniter\Database\BaseConnection->query('SELECT `num_com...', Array, false)
#4 C:\xampp2\htdocs\ci4\system\Model.php(330): CodeIgniter\Database\BaseBuilder->get()
#5 C:\xampp2\htdocs\ci4\system\BaseModel.php(713): CodeIgniter\Model->doFirst()
#6 C:\xampp2\htdocs\ci4\app\Models\AportesModel.php(18): CodeIgniter\BaseModel->first()
#7 C:\xampp2\htdocs\ci4\app\Controllers\AportesController.php(15): App\Models\AportesModel->getLastNumComp()
#8 C:\xampp2\htdocs\ci4\system\CodeIgniter.php(933): App\Controllers\AportesController->mostrarFormulario()
#9 C:\xampp2\htdocs\ci4\system\CodeIgniter.php(507): CodeIgniter\CodeIgniter->runController(Object(App\Controllers\AportesController))
#10 C:\xampp2\htdocs\ci4\system\CodeIgniter.php(354): CodeIgniter\CodeIgniter->handleRequest(NULL, Object(Config\Cache), false)
#11 C:\xampp2\htdocs\ci4\system\Boot.php(334): CodeIgniter\CodeIgniter->run()
#12 C:\xampp2\htdocs\ci4\system\Boot.php(67): CodeIgniter\Boot::runCodeIgniter(Object(CodeIgniter\CodeIgniter))
#13 C:\xampp2\htdocs\ci4\public\index.php(56): CodeIgniter\Boot::bootWeb(Object(Config\Paths))
#14 C:\xampp2\htdocs\ci4\system\rewrite.php(44): require_once('C:\\xampp2\\htdoc...')
#15 {main}
CRITICAL - 2025-03-18 13:55:12 --> CodeIgniter\Database\Exceptions\DatabaseException: Unknown column 'num_comp' in 'field list'
[Method: GET, Route: aportes/formulario]
in SYSTEMPATH\Database\BaseConnection.php on line 692.
 1 SYSTEMPATH\Database\BaseBuilder.php(1649): CodeIgniter\Database\BaseConnection->query('SELECT `num_comp`
FROM `pagos`
ORDER BY `num_comp` DESC
 LIMIT 1', [], false)
 2 SYSTEMPATH\Model.php(330): CodeIgniter\Database\BaseBuilder->get()
 3 SYSTEMPATH\BaseModel.php(713): CodeIgniter\Model->doFirst()
 4 APPPATH\Models\AportesModel.php(18): CodeIgniter\BaseModel->first()
 5 APPPATH\Controllers\AportesController.php(15): App\Models\AportesModel->getLastNumComp()
 6 SYSTEMPATH\CodeIgniter.php(933): App\Controllers\AportesController->mostrarFormulario()
 7 SYSTEMPATH\CodeIgniter.php(507): CodeIgniter\CodeIgniter->runController(Object(App\Controllers\AportesController))
 8 SYSTEMPATH\CodeIgniter.php(354): CodeIgniter\CodeIgniter->handleRequest(null, Object(Config\Cache), false)
 9 SYSTEMPATH\Boot.php(334): CodeIgniter\CodeIgniter->run()
10 SYSTEMPATH\Boot.php(67): CodeIgniter\Boot::runCodeIgniter(Object(CodeIgniter\CodeIgniter))
11 FCPATH\index.php(56): CodeIgniter\Boot::bootWeb(Object(Config\Paths))
12 SYSTEMPATH\rewrite.php(44): require_once('C:\\xampp2\\htdocs\\ci4\\public\\index.php')
CRITICAL - 2025-03-18 13:55:12 --> [Caused by] CodeIgniter\Database\Exceptions\DatabaseException: Unknown column 'num_comp' in 'field list'
in SYSTEMPATH\Database\MySQLi\Connection.php on line 332.
 1 SYSTEMPATH\Database\BaseConnection.php(738): CodeIgniter\Database\MySQLi\Connection->execute('SELECT `num_comp`
FROM `pagos`
ORDER BY `num_comp` DESC
 LIMIT 1')
 2 SYSTEMPATH\Database\BaseConnection.php(652): CodeIgniter\Database\BaseConnection->simpleQuery('SELECT `num_comp`
FROM `pagos`
ORDER BY `num_comp` DESC
 LIMIT 1')
 3 SYSTEMPATH\Database\BaseBuilder.php(1649): CodeIgniter\Database\BaseConnection->query('SELECT `num_comp`
FROM `pagos`
ORDER BY `num_comp` DESC
 LIMIT 1', [], false)
 4 SYSTEMPATH\Model.php(330): CodeIgniter\Database\BaseBuilder->get()
 5 SYSTEMPATH\BaseModel.php(713): CodeIgniter\Model->doFirst()
 6 APPPATH\Models\AportesModel.php(18): CodeIgniter\BaseModel->first()
 7 APPPATH\Controllers\AportesController.php(15): App\Models\AportesModel->getLastNumComp()
 8 SYSTEMPATH\CodeIgniter.php(933): App\Controllers\AportesController->mostrarFormulario()
 9 SYSTEMPATH\CodeIgniter.php(507): CodeIgniter\CodeIgniter->runController(Object(App\Controllers\AportesController))
10 SYSTEMPATH\CodeIgniter.php(354): CodeIgniter\CodeIgniter->handleRequest(null, Object(Config\Cache), false)
11 SYSTEMPATH\Boot.php(334): CodeIgniter\CodeIgniter->run()
12 SYSTEMPATH\Boot.php(67): CodeIgniter\Boot::runCodeIgniter(Object(CodeIgniter\CodeIgniter))
13 FCPATH\index.php(56): CodeIgniter\Boot::bootWeb(Object(Config\Paths))
14 SYSTEMPATH\rewrite.php(44): require_once('C:\\xampp2\\htdocs\\ci4\\public\\index.php')
CRITICAL - 2025-03-18 13:55:12 --> [Caused by] mysqli_sql_exception: Unknown column 'num_comp' in 'field list'
in SYSTEMPATH\Database\MySQLi\Connection.php on line 327.
 1 SYSTEMPATH\Database\MySQLi\Connection.php(327): mysqli->query('SELECT `num_comp`
FROM `pagos`
ORDER BY `num_comp` DESC
 LIMIT 1', 0)
 2 SYSTEMPATH\Database\BaseConnection.php(738): CodeIgniter\Database\MySQLi\Connection->execute('SELECT `num_comp`
FROM `pagos`
ORDER BY `num_comp` DESC
 LIMIT 1')
 3 SYSTEMPATH\Database\BaseConnection.php(652): CodeIgniter\Database\BaseConnection->simpleQuery('SELECT `num_comp`
FROM `pagos`
ORDER BY `num_comp` DESC
 LIMIT 1')
 4 SYSTEMPATH\Database\BaseBuilder.php(1649): CodeIgniter\Database\BaseConnection->query('SELECT `num_comp`
FROM `pagos`
ORDER BY `num_comp` DESC
 LIMIT 1', [], false)
 5 SYSTEMPATH\Model.php(330): CodeIgniter\Database\BaseBuilder->get()
 6 SYSTEMPATH\BaseModel.php(713): CodeIgniter\Model->doFirst()
 7 APPPATH\Models\AportesModel.php(18): CodeIgniter\BaseModel->first()
 8 APPPATH\Controllers\AportesController.php(15): App\Models\AportesModel->getLastNumComp()
 9 SYSTEMPATH\CodeIgniter.php(933): App\Controllers\AportesController->mostrarFormulario()
10 SYSTEMPATH\CodeIgniter.php(507): CodeIgniter\CodeIgniter->runController(Object(App\Controllers\AportesController))
11 SYSTEMPATH\CodeIgniter.php(354): CodeIgniter\CodeIgniter->handleRequest(null, Object(Config\Cache), false)
12 SYSTEMPATH\Boot.php(334): CodeIgniter\CodeIgniter->run()
13 SYSTEMPATH\Boot.php(67): CodeIgniter\Boot::runCodeIgniter(Object(CodeIgniter\CodeIgniter))
14 FCPATH\index.php(56): CodeIgniter\Boot::bootWeb(Object(Config\Paths))
15 SYSTEMPATH\rewrite.php(44): require_once('C:\\xampp2\\htdocs\\ci4\\public\\index.php')
ERROR - 2025-03-18 13:55:13 --> mysqli_sql_exception: Unknown column 'num_comp' in 'field list' in C:\xampp2\htdocs\ci4\system\Database\MySQLi\Connection.php:327
Stack trace:
#0 C:\xampp2\htdocs\ci4\system\Database\MySQLi\Connection.php(327): mysqli->query('SELECT `num_com...', 0)
#1 C:\xampp2\htdocs\ci4\system\Database\BaseConnection.php(738): CodeIgniter\Database\MySQLi\Connection->execute('SELECT `num_com...')
#2 C:\xampp2\htdocs\ci4\system\Database\BaseConnection.php(652): CodeIgniter\Database\BaseConnection->simpleQuery('SELECT `num_com...')
#3 C:\xampp2\htdocs\ci4\system\Database\BaseBuilder.php(1649): CodeIgniter\Database\BaseConnection->query('SELECT `num_com...', Array, false)
#4 C:\xampp2\htdocs\ci4\system\Model.php(330): CodeIgniter\Database\BaseBuilder->get()
#5 C:\xampp2\htdocs\ci4\system\BaseModel.php(713): CodeIgniter\Model->doFirst()
#6 C:\xampp2\htdocs\ci4\app\Models\AportesModel.php(18): CodeIgniter\BaseModel->first()
#7 C:\xampp2\htdocs\ci4\app\Controllers\AportesController.php(15): App\Models\AportesModel->getLastNumComp()
#8 C:\xampp2\htdocs\ci4\system\CodeIgniter.php(933): App\Controllers\AportesController->mostrarFormulario()
#9 C:\xampp2\htdocs\ci4\system\CodeIgniter.php(507): CodeIgniter\CodeIgniter->runController(Object(App\Controllers\AportesController))
#10 C:\xampp2\htdocs\ci4\system\CodeIgniter.php(354): CodeIgniter\CodeIgniter->handleRequest(NULL, Object(Config\Cache), false)
#11 C:\xampp2\htdocs\ci4\system\Boot.php(334): CodeIgniter\CodeIgniter->run()
#12 C:\xampp2\htdocs\ci4\system\Boot.php(67): CodeIgniter\Boot::runCodeIgniter(Object(CodeIgniter\CodeIgniter))
#13 C:\xampp2\htdocs\ci4\public\index.php(56): CodeIgniter\Boot::bootWeb(Object(Config\Paths))
#14 C:\xampp2\htdocs\ci4\system\rewrite.php(44): require_once('C:\\xampp2\\htdoc...')
#15 {main}
CRITICAL - 2025-03-18 13:55:13 --> CodeIgniter\Database\Exceptions\DatabaseException: Unknown column 'num_comp' in 'field list'
[Method: GET, Route: aportes/formulario]
in SYSTEMPATH\Database\BaseConnection.php on line 692.
 1 SYSTEMPATH\Database\BaseBuilder.php(1649): CodeIgniter\Database\BaseConnection->query('SELECT `num_comp`
FROM `pagos`
ORDER BY `num_comp` DESC
 LIMIT 1', [], false)
 2 SYSTEMPATH\Model.php(330): CodeIgniter\Database\BaseBuilder->get()
 3 SYSTEMPATH\BaseModel.php(713): CodeIgniter\Model->doFirst()
 4 APPPATH\Models\AportesModel.php(18): CodeIgniter\BaseModel->first()
 5 APPPATH\Controllers\AportesController.php(15): App\Models\AportesModel->getLastNumComp()
 6 SYSTEMPATH\CodeIgniter.php(933): App\Controllers\AportesController->mostrarFormulario()
 7 SYSTEMPATH\CodeIgniter.php(507): CodeIgniter\CodeIgniter->runController(Object(App\Controllers\AportesController))
 8 SYSTEMPATH\CodeIgniter.php(354): CodeIgniter\CodeIgniter->handleRequest(null, Object(Config\Cache), false)
 9 SYSTEMPATH\Boot.php(334): CodeIgniter\CodeIgniter->run()
10 SYSTEMPATH\Boot.php(67): CodeIgniter\Boot::runCodeIgniter(Object(CodeIgniter\CodeIgniter))
11 FCPATH\index.php(56): CodeIgniter\Boot::bootWeb(Object(Config\Paths))
12 SYSTEMPATH\rewrite.php(44): require_once('C:\\xampp2\\htdocs\\ci4\\public\\index.php')
CRITICAL - 2025-03-18 13:55:13 --> [Caused by] CodeIgniter\Database\Exceptions\DatabaseException: Unknown column 'num_comp' in 'field list'
in SYSTEMPATH\Database\MySQLi\Connection.php on line 332.
 1 SYSTEMPATH\Database\BaseConnection.php(738): CodeIgniter\Database\MySQLi\Connection->execute('SELECT `num_comp`
FROM `pagos`
ORDER BY `num_comp` DESC
 LIMIT 1')
 2 SYSTEMPATH\Database\BaseConnection.php(652): CodeIgniter\Database\BaseConnection->simpleQuery('SELECT `num_comp`
FROM `pagos`
ORDER BY `num_comp` DESC
 LIMIT 1')
 3 SYSTEMPATH\Database\BaseBuilder.php(1649): CodeIgniter\Database\BaseConnection->query('SELECT `num_comp`
FROM `pagos`
ORDER BY `num_comp` DESC
 LIMIT 1', [], false)
 4 SYSTEMPATH\Model.php(330): CodeIgniter\Database\BaseBuilder->get()
 5 SYSTEMPATH\BaseModel.php(713): CodeIgniter\Model->doFirst()
 6 APPPATH\Models\AportesModel.php(18): CodeIgniter\BaseModel->first()
 7 APPPATH\Controllers\AportesController.php(15): App\Models\AportesModel->getLastNumComp()
 8 SYSTEMPATH\CodeIgniter.php(933): App\Controllers\AportesController->mostrarFormulario()
 9 SYSTEMPATH\CodeIgniter.php(507): CodeIgniter\CodeIgniter->runController(Object(App\Controllers\AportesController))
10 SYSTEMPATH\CodeIgniter.php(354): CodeIgniter\CodeIgniter->handleRequest(null, Object(Config\Cache), false)
11 SYSTEMPATH\Boot.php(334): CodeIgniter\CodeIgniter->run()
12 SYSTEMPATH\Boot.php(67): CodeIgniter\Boot::runCodeIgniter(Object(CodeIgniter\CodeIgniter))
13 FCPATH\index.php(56): CodeIgniter\Boot::bootWeb(Object(Config\Paths))
14 SYSTEMPATH\rewrite.php(44): require_once('C:\\xampp2\\htdocs\\ci4\\public\\index.php')
CRITICAL - 2025-03-18 13:55:13 --> [Caused by] mysqli_sql_exception: Unknown column 'num_comp' in 'field list'
in SYSTEMPATH\Database\MySQLi\Connection.php on line 327.
 1 SYSTEMPATH\Database\MySQLi\Connection.php(327): mysqli->query('SELECT `num_comp`
FROM `pagos`
ORDER BY `num_comp` DESC
 LIMIT 1', 0)
 2 SYSTEMPATH\Database\BaseConnection.php(738): CodeIgniter\Database\MySQLi\Connection->execute('SELECT `num_comp`
FROM `pagos`
ORDER BY `num_comp` DESC
 LIMIT 1')
 3 SYSTEMPATH\Database\BaseConnection.php(652): CodeIgniter\Database\BaseConnection->simpleQuery('SELECT `num_comp`
FROM `pagos`
ORDER BY `num_comp` DESC
 LIMIT 1')
 4 SYSTEMPATH\Database\BaseBuilder.php(1649): CodeIgniter\Database\BaseConnection->query('SELECT `num_comp`
FROM `pagos`
ORDER BY `num_comp` DESC
 LIMIT 1', [], false)
 5 SYSTEMPATH\Model.php(330): CodeIgniter\Database\BaseBuilder->get()
 6 SYSTEMPATH\BaseModel.php(713): CodeIgniter\Model->doFirst()
 7 APPPATH\Models\AportesModel.php(18): CodeIgniter\BaseModel->first()
 8 APPPATH\Controllers\AportesController.php(15): App\Models\AportesModel->getLastNumComp()
 9 SYSTEMPATH\CodeIgniter.php(933): App\Controllers\AportesController->mostrarFormulario()
10 SYSTEMPATH\CodeIgniter.php(507): CodeIgniter\CodeIgniter->runController(Object(App\Controllers\AportesController))
11 SYSTEMPATH\CodeIgniter.php(354): CodeIgniter\CodeIgniter->handleRequest(null, Object(Config\Cache), false)
12 SYSTEMPATH\Boot.php(334): CodeIgniter\CodeIgniter->run()
13 SYSTEMPATH\Boot.php(67): CodeIgniter\Boot::runCodeIgniter(Object(CodeIgniter\CodeIgniter))
14 FCPATH\index.php(56): CodeIgniter\Boot::bootWeb(Object(Config\Paths))
15 SYSTEMPATH\rewrite.php(44): require_once('C:\\xampp2\\htdocs\\ci4\\public\\index.php')
CRITICAL - 2025-03-18 13:59:15 --> CodeIgniter\View\Exceptions\ViewException: Invalid file: "formulario_aporte.php"
[Method: GET, Route: aportes/formulario]
in SYSTEMPATH\Exceptions\FrameworkException.php on line 39.
 1 SYSTEMPATH\View\View.php(212): CodeIgniter\Exceptions\FrameworkException::forInvalidFile('formulario_aporte.php')
 2 SYSTEMPATH\Common.php(1173): CodeIgniter\View\View->render('formulario_aporte', [], true)
 3 APPPATH\Controllers\AportesController.php(33): view('formulario_aporte', [...])
 4 SYSTEMPATH\CodeIgniter.php(933): App\Controllers\AportesController->mostrarFormulario()
 5 SYSTEMPATH\CodeIgniter.php(507): CodeIgniter\CodeIgniter->runController(Object(App\Controllers\AportesController))
 6 SYSTEMPATH\CodeIgniter.php(354): CodeIgniter\CodeIgniter->handleRequest(null, Object(Config\Cache), false)
 7 SYSTEMPATH\Boot.php(334): CodeIgniter\CodeIgniter->run()
 8 SYSTEMPATH\Boot.php(67): CodeIgniter\Boot::runCodeIgniter(Object(CodeIgniter\CodeIgniter))
 9 FCPATH\index.php(56): CodeIgniter\Boot::bootWeb(Object(Config\Paths))
10 SYSTEMPATH\rewrite.php(44): require_once('C:\\xampp2\\htdocs\\ci4\\public\\index.php')
CRITICAL - 2025-03-18 13:59:16 --> CodeIgniter\View\Exceptions\ViewException: Invalid file: "formulario_aporte.php"
[Method: GET, Route: aportes/formulario]
in SYSTEMPATH\Exceptions\FrameworkException.php on line 39.
 1 SYSTEMPATH\View\View.php(212): CodeIgniter\Exceptions\FrameworkException::forInvalidFile('formulario_aporte.php')
 2 SYSTEMPATH\Common.php(1173): CodeIgniter\View\View->render('formulario_aporte', [], true)
 3 APPPATH\Controllers\AportesController.php(33): view('formulario_aporte', [...])
 4 SYSTEMPATH\CodeIgniter.php(933): App\Controllers\AportesController->mostrarFormulario()
 5 SYSTEMPATH\CodeIgniter.php(507): CodeIgniter\CodeIgniter->runController(Object(App\Controllers\AportesController))
 6 SYSTEMPATH\CodeIgniter.php(354): CodeIgniter\CodeIgniter->handleRequest(null, Object(Config\Cache), false)
 7 SYSTEMPATH\Boot.php(334): CodeIgniter\CodeIgniter->run()
 8 SYSTEMPATH\Boot.php(67): CodeIgniter\Boot::runCodeIgniter(Object(CodeIgniter\CodeIgniter))
 9 FCPATH\index.php(56): CodeIgniter\Boot::bootWeb(Object(Config\Paths))
10 SYSTEMPATH\rewrite.php(44): require_once('C:\\xampp2\\htdocs\\ci4\\public\\index.php')
CRITICAL - 2025-03-18 15:11:55 --> CodeIgniter\View\Exceptions\ViewException: Invalid file: "/.php"
[Method: POST, Route: aportes/procesar]
in SYSTEMPATH\Exceptions\FrameworkException.php on line 39.
 1 SYSTEMPATH\View\View.php(212): CodeIgniter\Exceptions\FrameworkException::forInvalidFile('/.php')
 2 SYSTEMPATH\Common.php(1173): CodeIgniter\View\View->render('/', [], true)
 3 APPPATH\Controllers\AportesController.php(59): view('/')
 4 SYSTEMPATH\CodeIgniter.php(933): App\Controllers\AportesController->precesarPago()
 5 SYSTEMPATH\CodeIgniter.php(507): CodeIgniter\CodeIgniter->runController(Object(App\Controllers\AportesController))
 6 SYSTEMPATH\CodeIgniter.php(354): CodeIgniter\CodeIgniter->handleRequest(null, Object(Config\Cache), false)
 7 SYSTEMPATH\Boot.php(334): CodeIgniter\CodeIgniter->run()
 8 SYSTEMPATH\Boot.php(67): CodeIgniter\Boot::runCodeIgniter(Object(CodeIgniter\CodeIgniter))
 9 FCPATH\index.php(56): CodeIgniter\Boot::bootWeb(Object(Config\Paths))
10 SYSTEMPATH\rewrite.php(44): require_once('C:\\xampp2\\htdocs\\ci4\\public\\index.php')
CRITICAL - 2025-03-18 15:11:58 --> CodeIgniter\View\Exceptions\ViewException: Invalid file: "/.php"
[Method: POST, Route: aportes/procesar]
in SYSTEMPATH\Exceptions\FrameworkException.php on line 39.
 1 SYSTEMPATH\View\View.php(212): CodeIgniter\Exceptions\FrameworkException::forInvalidFile('/.php')
 2 SYSTEMPATH\Common.php(1173): CodeIgniter\View\View->render('/', [], true)
 3 APPPATH\Controllers\AportesController.php(59): view('/')
 4 SYSTEMPATH\CodeIgniter.php(933): App\Controllers\AportesController->precesarPago()
 5 SYSTEMPATH\CodeIgniter.php(507): CodeIgniter\CodeIgniter->runController(Object(App\Controllers\AportesController))
 6 SYSTEMPATH\CodeIgniter.php(354): CodeIgniter\CodeIgniter->handleRequest(null, Object(Config\Cache), false)
 7 SYSTEMPATH\Boot.php(334): CodeIgniter\CodeIgniter->run()
 8 SYSTEMPATH\Boot.php(67): CodeIgniter\Boot::runCodeIgniter(Object(CodeIgniter\CodeIgniter))
 9 FCPATH\index.php(56): CodeIgniter\Boot::bootWeb(Object(Config\Paths))
10 SYSTEMPATH\rewrite.php(44): require_once('C:\\xampp2\\htdocs\\ci4\\public\\index.php')
CRITICAL - 2025-03-18 15:12:23 --> CodeIgniter\View\Exceptions\ViewException: Invalid file: "/.php"
[Method: POST, Route: aportes/procesar]
in SYSTEMPATH\Exceptions\FrameworkException.php on line 39.
 1 SYSTEMPATH\View\View.php(212): CodeIgniter\Exceptions\FrameworkException::forInvalidFile('/.php')
 2 SYSTEMPATH\Common.php(1173): CodeIgniter\View\View->render('/', [], true)
 3 APPPATH\Controllers\AportesController.php(59): view('/')
 4 SYSTEMPATH\CodeIgniter.php(933): App\Controllers\AportesController->precesarPago()
 5 SYSTEMPATH\CodeIgniter.php(507): CodeIgniter\CodeIgniter->runController(Object(App\Controllers\AportesController))
 6 SYSTEMPATH\CodeIgniter.php(354): CodeIgniter\CodeIgniter->handleRequest(null, Object(Config\Cache), false)
 7 SYSTEMPATH\Boot.php(334): CodeIgniter\CodeIgniter->run()
 8 SYSTEMPATH\Boot.php(67): CodeIgniter\Boot::runCodeIgniter(Object(CodeIgniter\CodeIgniter))
 9 FCPATH\index.php(56): CodeIgniter\Boot::bootWeb(Object(Config\Paths))
10 SYSTEMPATH\rewrite.php(44): require_once('C:\\xampp2\\htdocs\\ci4\\public\\index.php')
CRITICAL - 2025-03-18 15:12:43 --> CodeIgniter\View\Exceptions\ViewException: Invalid file: "/.php"
[Method: POST, Route: aportes/procesar]
in SYSTEMPATH\Exceptions\FrameworkException.php on line 39.
 1 SYSTEMPATH\View\View.php(212): CodeIgniter\Exceptions\FrameworkException::forInvalidFile('/.php')
 2 SYSTEMPATH\Common.php(1173): CodeIgniter\View\View->render('/', [], true)
 3 APPPATH\Controllers\AportesController.php(59): view('/')
 4 SYSTEMPATH\CodeIgniter.php(933): App\Controllers\AportesController->precesarPago()
 5 SYSTEMPATH\CodeIgniter.php(507): CodeIgniter\CodeIgniter->runController(Object(App\Controllers\AportesController))
 6 SYSTEMPATH\CodeIgniter.php(354): CodeIgniter\CodeIgniter->handleRequest(null, Object(Config\Cache), false)
 7 SYSTEMPATH\Boot.php(334): CodeIgniter\CodeIgniter->run()
 8 SYSTEMPATH\Boot.php(67): CodeIgniter\Boot::runCodeIgniter(Object(CodeIgniter\CodeIgniter))
 9 FCPATH\index.php(56): CodeIgniter\Boot::bootWeb(Object(Config\Paths))
10 SYSTEMPATH\rewrite.php(44): require_once('C:\\xampp2\\htdocs\\ci4\\public\\index.php')
CRITICAL - 2025-03-18 15:13:29 --> CodeIgniter\View\Exceptions\ViewException: Invalid file: "/.php"
[Method: POST, Route: aportes/procesar]
in SYSTEMPATH\Exceptions\FrameworkException.php on line 39.
 1 SYSTEMPATH\View\View.php(212): CodeIgniter\Exceptions\FrameworkException::forInvalidFile('/.php')
 2 SYSTEMPATH\Common.php(1173): CodeIgniter\View\View->render('/', [], true)
 3 APPPATH\Controllers\AportesController.php(59): view('/')
 4 SYSTEMPATH\CodeIgniter.php(933): App\Controllers\AportesController->precesarPago()
 5 SYSTEMPATH\CodeIgniter.php(507): CodeIgniter\CodeIgniter->runController(Object(App\Controllers\AportesController))
 6 SYSTEMPATH\CodeIgniter.php(354): CodeIgniter\CodeIgniter->handleRequest(null, Object(Config\Cache), false)
 7 SYSTEMPATH\Boot.php(334): CodeIgniter\CodeIgniter->run()
 8 SYSTEMPATH\Boot.php(67): CodeIgniter\Boot::runCodeIgniter(Object(CodeIgniter\CodeIgniter))
 9 FCPATH\index.php(56): CodeIgniter\Boot::bootWeb(Object(Config\Paths))
10 SYSTEMPATH\rewrite.php(44): require_once('C:\\xampp2\\htdocs\\ci4\\public\\index.php')
CRITICAL - 2025-03-18 16:06:54 --> ErrorException: Undefined array key "num_comp"
[Method: GET, Route: aportes/generar_pdf/1]
in APPPATH\Views\comprobante_pdf.php on line 22.
 1 APPPATH\Views\comprobante_pdf.php(22): CodeIgniter\Debug\Exceptions->errorHandler(2, 'Undefined array key "num_comp"', 'C:\\xampp2\\htdocs\\ci4\\app\\Views\\comprobante_pdf.php', 22)
 2 SYSTEMPATH\View\View.php(224): include('C:\\xampp2\\htdocs\\ci4\\app\\Views\\comprobante_pdf.php')
 3 SYSTEMPATH\View\View.php(227): CodeIgniter\View\View->CodeIgniter\View\{closure}()
 4 SYSTEMPATH\Common.php(1173): CodeIgniter\View\View->render('comprobante_pdf', [], true)
 5 APPPATH\Controllers\AportesController.php(111): view('comprobante_pdf', [...])
 6 SYSTEMPATH\CodeIgniter.php(933): App\Controllers\AportesController->generarPdf('1')
 7 SYSTEMPATH\CodeIgniter.php(507): CodeIgniter\CodeIgniter->runController(Object(App\Controllers\AportesController))
 8 SYSTEMPATH\CodeIgniter.php(354): CodeIgniter\CodeIgniter->handleRequest(null, Object(Config\Cache), false)
 9 SYSTEMPATH\Boot.php(334): CodeIgniter\CodeIgniter->run()
10 SYSTEMPATH\Boot.php(67): CodeIgniter\Boot::runCodeIgniter(Object(CodeIgniter\CodeIgniter))
11 FCPATH\index.php(56): CodeIgniter\Boot::bootWeb(Object(Config\Paths))
12 SYSTEMPATH\rewrite.php(44): require_once('C:\\xampp2\\htdocs\\ci4\\public\\index.php')
CRITICAL - 2025-03-18 16:06:55 --> ErrorException: Undefined array key "num_comp"
[Method: GET, Route: aportes/generar_pdf/1]
in APPPATH\Views\comprobante_pdf.php on line 22.
 1 APPPATH\Views\comprobante_pdf.php(22): CodeIgniter\Debug\Exceptions->errorHandler(2, 'Undefined array key "num_comp"', 'C:\\xampp2\\htdocs\\ci4\\app\\Views\\comprobante_pdf.php', 22)
 2 SYSTEMPATH\View\View.php(224): include('C:\\xampp2\\htdocs\\ci4\\app\\Views\\comprobante_pdf.php')
 3 SYSTEMPATH\View\View.php(227): CodeIgniter\View\View->CodeIgniter\View\{closure}()
 4 SYSTEMPATH\Common.php(1173): CodeIgniter\View\View->render('comprobante_pdf', [], true)
 5 APPPATH\Controllers\AportesController.php(111): view('comprobante_pdf', [...])
 6 SYSTEMPATH\CodeIgniter.php(933): App\Controllers\AportesController->generarPdf('1')
 7 SYSTEMPATH\CodeIgniter.php(507): CodeIgniter\CodeIgniter->runController(Object(App\Controllers\AportesController))
 8 SYSTEMPATH\CodeIgniter.php(354): CodeIgniter\CodeIgniter->handleRequest(null, Object(Config\Cache), false)
 9 SYSTEMPATH\Boot.php(334): CodeIgniter\CodeIgniter->run()
10 SYSTEMPATH\Boot.php(67): CodeIgniter\Boot::runCodeIgniter(Object(CodeIgniter\CodeIgniter))
11 FCPATH\index.php(56): CodeIgniter\Boot::bootWeb(Object(Config\Paths))
12 SYSTEMPATH\rewrite.php(44): require_once('C:\\xampp2\\htdocs\\ci4\\public\\index.php')
CRITICAL - 2025-03-18 16:09:32 --> ErrorException: Undefined array key "num_comp"
[Method: GET, Route: aportes/generar_pdf/1]
in APPPATH\Controllers\AportesController.php on line 121.
 1 APPPATH\Controllers\AportesController.php(121): CodeIgniter\Debug\Exceptions->errorHandler(2, 'Undefined array key "num_comp"', 'C:\\xampp2\\htdocs\\ci4\\app\\Controllers\\AportesController.php', 121)
 2 SYSTEMPATH\CodeIgniter.php(933): App\Controllers\AportesController->generarPdf('1')
 3 SYSTEMPATH\CodeIgniter.php(507): CodeIgniter\CodeIgniter->runController(Object(App\Controllers\AportesController))
 4 SYSTEMPATH\CodeIgniter.php(354): CodeIgniter\CodeIgniter->handleRequest(null, Object(Config\Cache), false)
 5 SYSTEMPATH\Boot.php(334): CodeIgniter\CodeIgniter->run()
 6 SYSTEMPATH\Boot.php(67): CodeIgniter\Boot::runCodeIgniter(Object(CodeIgniter\CodeIgniter))
 7 FCPATH\index.php(56): CodeIgniter\Boot::bootWeb(Object(Config\Paths))
 8 SYSTEMPATH\rewrite.php(44): require_once('C:\\xampp2\\htdocs\\ci4\\public\\index.php')
CRITICAL - 2025-03-18 16:09:36 --> ErrorException: Undefined array key "num_comp"
[Method: GET, Route: aportes/generar_pdf/1]
in APPPATH\Controllers\AportesController.php on line 121.
 1 APPPATH\Controllers\AportesController.php(121): CodeIgniter\Debug\Exceptions->errorHandler(2, 'Undefined array key "num_comp"', 'C:\\xampp2\\htdocs\\ci4\\app\\Controllers\\AportesController.php', 121)
 2 SYSTEMPATH\CodeIgniter.php(933): App\Controllers\AportesController->generarPdf('1')
 3 SYSTEMPATH\CodeIgniter.php(507): CodeIgniter\CodeIgniter->runController(Object(App\Controllers\AportesController))
 4 SYSTEMPATH\CodeIgniter.php(354): CodeIgniter\CodeIgniter->handleRequest(null, Object(Config\Cache), false)
 5 SYSTEMPATH\Boot.php(334): CodeIgniter\CodeIgniter->run()
 6 SYSTEMPATH\Boot.php(67): CodeIgniter\Boot::runCodeIgniter(Object(CodeIgniter\CodeIgniter))
 7 FCPATH\index.php(56): CodeIgniter\Boot::bootWeb(Object(Config\Paths))
 8 SYSTEMPATH\rewrite.php(44): require_once('C:\\xampp2\\htdocs\\ci4\\public\\index.php')
CRITICAL - 2025-03-18 16:09:37 --> ErrorException: Undefined array key "num_comp"
[Method: GET, Route: aportes/generar_pdf/1]
in APPPATH\Controllers\AportesController.php on line 121.
 1 APPPATH\Controllers\AportesController.php(121): CodeIgniter\Debug\Exceptions->errorHandler(2, 'Undefined array key "num_comp"', 'C:\\xampp2\\htdocs\\ci4\\app\\Controllers\\AportesController.php', 121)
 2 SYSTEMPATH\CodeIgniter.php(933): App\Controllers\AportesController->generarPdf('1')
 3 SYSTEMPATH\CodeIgniter.php(507): CodeIgniter\CodeIgniter->runController(Object(App\Controllers\AportesController))
 4 SYSTEMPATH\CodeIgniter.php(354): CodeIgniter\CodeIgniter->handleRequest(null, Object(Config\Cache), false)
 5 SYSTEMPATH\Boot.php(334): CodeIgniter\CodeIgniter->run()
 6 SYSTEMPATH\Boot.php(67): CodeIgniter\Boot::runCodeIgniter(Object(CodeIgniter\CodeIgniter))
 7 FCPATH\index.php(56): CodeIgniter\Boot::bootWeb(Object(Config\Paths))
 8 SYSTEMPATH\rewrite.php(44): require_once('C:\\xampp2\\htdocs\\ci4\\public\\index.php')
CRITICAL - 2025-03-18 16:20:17 --> ErrorException: Undefined array key "meses"
[Method: GET, Route: aportes/generar_pdf/4]
in APPPATH\Views\comprobante_pdf.php on line 60.
 1 APPPATH\Views\comprobante_pdf.php(60): CodeIgniter\Debug\Exceptions->errorHandler(2, 'Undefined array key "meses"', 'C:\\xampp2\\htdocs\\ci4\\app\\Views\\comprobante_pdf.php', 60)
 2 SYSTEMPATH\View\View.php(224): include('C:\\xampp2\\htdocs\\ci4\\app\\Views\\comprobante_pdf.php')
 3 SYSTEMPATH\View\View.php(227): CodeIgniter\View\View->CodeIgniter\View\{closure}()
 4 SYSTEMPATH\Common.php(1173): CodeIgniter\View\View->render('comprobante_pdf', [], true)
 5 APPPATH\Controllers\AportesController.php(112): view('comprobante_pdf', [...])
 6 SYSTEMPATH\CodeIgniter.php(933): App\Controllers\AportesController->generarPdf('4')
 7 SYSTEMPATH\CodeIgniter.php(507): CodeIgniter\CodeIgniter->runController(Object(App\Controllers\AportesController))
 8 SYSTEMPATH\CodeIgniter.php(354): CodeIgniter\CodeIgniter->handleRequest(null, Object(Config\Cache), false)
 9 SYSTEMPATH\Boot.php(334): CodeIgniter\CodeIgniter->run()
10 SYSTEMPATH\Boot.php(67): CodeIgniter\Boot::runCodeIgniter(Object(CodeIgniter\CodeIgniter))
11 FCPATH\index.php(56): CodeIgniter\Boot::bootWeb(Object(Config\Paths))
12 SYSTEMPATH\rewrite.php(44): require_once('C:\\xampp2\\htdocs\\ci4\\public\\index.php')
CRITICAL - 2025-03-18 16:21:15 --> ErrorException: Undefined array key "meses"
[Method: GET, Route: aportes/generar_pdf/4]
in APPPATH\Views\comprobante_pdf.php on line 60.
 1 APPPATH\Views\comprobante_pdf.php(60): CodeIgniter\Debug\Exceptions->errorHandler(2, 'Undefined array key "meses"', 'C:\\xampp2\\htdocs\\ci4\\app\\Views\\comprobante_pdf.php', 60)
 2 SYSTEMPATH\View\View.php(224): include('C:\\xampp2\\htdocs\\ci4\\app\\Views\\comprobante_pdf.php')
 3 SYSTEMPATH\View\View.php(227): CodeIgniter\View\View->CodeIgniter\View\{closure}()
 4 SYSTEMPATH\Common.php(1173): CodeIgniter\View\View->render('comprobante_pdf', [], true)
 5 APPPATH\Controllers\AportesController.php(112): view('comprobante_pdf', [...])
 6 SYSTEMPATH\CodeIgniter.php(933): App\Controllers\AportesController->generarPdf('4')
 7 SYSTEMPATH\CodeIgniter.php(507): CodeIgniter\CodeIgniter->runController(Object(App\Controllers\AportesController))
 8 SYSTEMPATH\CodeIgniter.php(354): CodeIgniter\CodeIgniter->handleRequest(null, Object(Config\Cache), false)
 9 SYSTEMPATH\Boot.php(334): CodeIgniter\CodeIgniter->run()
10 SYSTEMPATH\Boot.php(67): CodeIgniter\Boot::runCodeIgniter(Object(CodeIgniter\CodeIgniter))
11 FCPATH\index.php(56): CodeIgniter\Boot::bootWeb(Object(Config\Paths))
12 SYSTEMPATH\rewrite.php(44): require_once('C:\\xampp2\\htdocs\\ci4\\public\\index.php')
CRITICAL - 2025-03-18 16:21:16 --> ErrorException: Undefined array key "meses"
[Method: GET, Route: aportes/generar_pdf/4]
in APPPATH\Views\comprobante_pdf.php on line 60.
 1 APPPATH\Views\comprobante_pdf.php(60): CodeIgniter\Debug\Exceptions->errorHandler(2, 'Undefined array key "meses"', 'C:\\xampp2\\htdocs\\ci4\\app\\Views\\comprobante_pdf.php', 60)
 2 SYSTEMPATH\View\View.php(224): include('C:\\xampp2\\htdocs\\ci4\\app\\Views\\comprobante_pdf.php')
 3 SYSTEMPATH\View\View.php(227): CodeIgniter\View\View->CodeIgniter\View\{closure}()
 4 SYSTEMPATH\Common.php(1173): CodeIgniter\View\View->render('comprobante_pdf', [], true)
 5 APPPATH\Controllers\AportesController.php(112): view('comprobante_pdf', [...])
 6 SYSTEMPATH\CodeIgniter.php(933): App\Controllers\AportesController->generarPdf('4')
 7 SYSTEMPATH\CodeIgniter.php(507): CodeIgniter\CodeIgniter->runController(Object(App\Controllers\AportesController))
 8 SYSTEMPATH\CodeIgniter.php(354): CodeIgniter\CodeIgniter->handleRequest(null, Object(Config\Cache), false)
 9 SYSTEMPATH\Boot.php(334): CodeIgniter\CodeIgniter->run()
10 SYSTEMPATH\Boot.php(67): CodeIgniter\Boot::runCodeIgniter(Object(CodeIgniter\CodeIgniter))
11 FCPATH\index.php(56): CodeIgniter\Boot::bootWeb(Object(Config\Paths))
12 SYSTEMPATH\rewrite.php(44): require_once('C:\\xampp2\\htdocs\\ci4\\public\\index.php')
CRITICAL - 2025-03-18 23:58:27 --> ErrorException: Undefined variable $grupos
[Method: GET, Route: grupos]
in APPPATH/Views/grupos/grupos.php on line 6.
 1 APPPATH/Views/grupos/grupos.php(6): CodeIgniter\Debug\Exceptions->errorHandler(2, 'Undefined variable $grupos', '/opt/lampp/htdocs/ci4/app/Views/grupos/grupos.php', 6)
 2 SYSTEMPATH/View/View.php(224): include('/opt/lampp/htdocs/ci4/app/Views/grupos/grupos.php')
 3 SYSTEMPATH/View/View.php(227): CodeIgniter\View\View->CodeIgniter\View\{closure}()
 4 SYSTEMPATH/Common.php(1173): CodeIgniter\View\View->render('grupos/grupos', [], true)
 5 APPPATH/Views/templates/estructura.php(4): view('grupos/grupos')
 6 SYSTEMPATH/View/View.php(224): include('/opt/lampp/htdocs/ci4/app/Views/templates/estructura.php')
 7 SYSTEMPATH/View/View.php(227): CodeIgniter\View\View->CodeIgniter\View\{closure}()
 8 SYSTEMPATH/Common.php(1173): CodeIgniter\View\View->render('templates/estructura', [], true)
 9 APPPATH/Controllers/Grupo.php(55): view('templates/estructura', [...])
10 SYSTEMPATH/CodeIgniter.php(933): App\Controllers\Grupo->index()
11 SYSTEMPATH/CodeIgniter.php(507): CodeIgniter\CodeIgniter->runController(Object(App\Controllers\Grupo))
12 SYSTEMPATH/CodeIgniter.php(354): CodeIgniter\CodeIgniter->handleRequest(null, Object(Config\Cache), false)
13 SYSTEMPATH/Boot.php(334): CodeIgniter\CodeIgniter->run()
14 SYSTEMPATH/Boot.php(67): CodeIgniter\Boot::runCodeIgniter(Object(CodeIgniter\CodeIgniter))
15 FCPATH/index.php(56): CodeIgniter\Boot::bootWeb(Object(Config\Paths))
16 SYSTEMPATH/rewrite.php(44): require_once('/opt/lampp/htdocs/ci4/public/index.php')
