CRITICAL - 2025-03-15 00:49:49 --> Error: Cannot call constructor
[Method: GET, Route: login]
in APPPATH/Controllers/Auth.php on line 14.
 1 SYSTEMPATH/CodeIgniter.php(903): App\Controllers\Auth->__construct()
 2 SYSTEMPATH/CodeIgniter.php(498): CodeIgniter\CodeIgniter->createController()
 3 SYSTEMPATH/CodeIgniter.php(354): CodeIgniter\CodeIgniter->handleRequest()
 4 SYSTEMPATH/Boot.php(334): CodeIgniter\CodeIgniter->run()
 5 SYSTEMPATH/Boot.php(67): CodeIgniter\Boot::runCodeIgniter()
 6 FCPATH/index.php(56): CodeIgniter\Boot::bootWeb()
 7 SYSTEMPATH/rewrite.php(44): require_once('/home/faviosantos/Descargas/Telegram Desktop/ci4/public/index.php')
CRITICAL - 2025-03-15 00:50:18 --> Error: Cannot call constructor
[Method: GET, Route: login]
in APPPATH/Controllers/Auth.php on line 14.
 1 SYSTEMPATH/CodeIgniter.php(903): App\Controllers\Auth->__construct()
 2 SYSTEMPATH/CodeIgniter.php(498): CodeIgniter\CodeIgniter->createController()
 3 SYSTEMPATH/CodeIgniter.php(354): CodeIgniter\CodeIgniter->handleRequest()
 4 SYSTEMPATH/Boot.php(334): CodeIgniter\CodeIgniter->run()
 5 SYSTEMPATH/Boot.php(67): CodeIgniter\Boot::runCodeIgniter()
 6 FCPATH/index.php(56): CodeIgniter\Boot::bootWeb()
 7 SYSTEMPATH/rewrite.php(44): require_once('/home/faviosantos/Descargas/Telegram Desktop/ci4/public/index.php')
CRITICAL - 2025-03-15 00:50:38 --> Error: Cannot call constructor
[Method: GET, Route: login]
in APPPATH/Controllers/Auth.php on line 14.
 1 SYSTEMPATH/CodeIgniter.php(903): App\Controllers\Auth->__construct()
 2 SYSTEMPATH/CodeIgniter.php(498): CodeIgniter\CodeIgniter->createController()
 3 SYSTEMPATH/CodeIgniter.php(354): CodeIgniter\CodeIgniter->handleRequest()
 4 SYSTEMPATH/Boot.php(334): CodeIgniter\CodeIgniter->run()
 5 SYSTEMPATH/Boot.php(67): CodeIgniter\Boot::runCodeIgniter()
 6 FCPATH/index.php(56): CodeIgniter\Boot::bootWeb()
 7 SYSTEMPATH/rewrite.php(44): require_once('/home/faviosantos/Descargas/Telegram Desktop/ci4/public/index.php')
CRITICAL - 2025-03-15 00:50:55 --> Error: Cannot call constructor
[Method: GET, Route: login]
in APPPATH/Controllers/Auth.php on line 14.
 1 SYSTEMPATH/CodeIgniter.php(903): App\Controllers\Auth->__construct()
 2 SYSTEMPATH/CodeIgniter.php(498): CodeIgniter\CodeIgniter->createController()
 3 SYSTEMPATH/CodeIgniter.php(354): CodeIgniter\CodeIgniter->handleRequest()
 4 SYSTEMPATH/Boot.php(334): CodeIgniter\CodeIgniter->run()
 5 SYSTEMPATH/Boot.php(67): CodeIgniter\Boot::runCodeIgniter()
 6 FCPATH/index.php(56): CodeIgniter\Boot::bootWeb()
 7 SYSTEMPATH/rewrite.php(44): require_once('/home/faviosantos/Descargas/Telegram Desktop/ci4/public/index.php')
CRITICAL - 2025-03-15 00:51:09 --> Error: Cannot call constructor
[Method: GET, Route: login]
in APPPATH/Controllers/Auth.php on line 14.
 1 SYSTEMPATH/CodeIgniter.php(903): App\Controllers\Auth->__construct()
 2 SYSTEMPATH/CodeIgniter.php(498): CodeIgniter\CodeIgniter->createController()
 3 SYSTEMPATH/CodeIgniter.php(354): CodeIgniter\CodeIgniter->handleRequest()
 4 SYSTEMPATH/Boot.php(334): CodeIgniter\CodeIgniter->run()
 5 SYSTEMPATH/Boot.php(67): CodeIgniter\Boot::runCodeIgniter()
 6 FCPATH/index.php(56): CodeIgniter\Boot::bootWeb()
 7 SYSTEMPATH/rewrite.php(44): require_once('/home/faviosantos/Descargas/Telegram Desktop/ci4/public/index.php')
CRITICAL - 2025-03-15 01:13:56 --> Error: Class "App\models\Auth_model" not found
[Method: GET, Route: login]
in APPPATH/Controllers/Auth.php on line 16.
 1 SYSTEMPATH/CodeIgniter.php(903): App\Controllers\Auth->__construct()
 2 SYSTEMPATH/CodeIgniter.php(498): CodeIgniter\CodeIgniter->createController()
 3 SYSTEMPATH/CodeIgniter.php(354): CodeIgniter\CodeIgniter->handleRequest()
 4 SYSTEMPATH/Boot.php(334): CodeIgniter\CodeIgniter->run()
 5 SYSTEMPATH/Boot.php(67): CodeIgniter\Boot::runCodeIgniter()
 6 FCPATH/index.php(56): CodeIgniter\Boot::bootWeb()
 7 SYSTEMPATH/rewrite.php(44): require_once('/home/faviosantos/Descargas/Telegram Desktop/ci4/public/index.php')
CRITICAL - 2025-03-15 01:31:43 --> Error: Class "App\models\Auth_model" not found
[Method: GET, Route: login]
in APPPATH/Controllers/Auth.php on line 16.
 1 SYSTEMPATH/CodeIgniter.php(903): App\Controllers\Auth->__construct()
 2 SYSTEMPATH/CodeIgniter.php(498): CodeIgniter\CodeIgniter->createController()
 3 SYSTEMPATH/CodeIgniter.php(354): CodeIgniter\CodeIgniter->handleRequest()
 4 SYSTEMPATH/Boot.php(334): CodeIgniter\CodeIgniter->run()
 5 SYSTEMPATH/Boot.php(67): CodeIgniter\Boot::runCodeIgniter()
 6 FCPATH/index.php(56): CodeIgniter\Boot::bootWeb()
 7 SYSTEMPATH/rewrite.php(44): require_once('/home/faviosantos/Descargas/Telegram Desktop/ci4/public/index.php')
CRITICAL - 2025-03-15 01:31:46 --> Error: Class "App\models\Auth_model" not found
[Method: GET, Route: login]
in APPPATH/Controllers/Auth.php on line 16.
 1 SYSTEMPATH/CodeIgniter.php(903): App\Controllers\Auth->__construct()
 2 SYSTEMPATH/CodeIgniter.php(498): CodeIgniter\CodeIgniter->createController()
 3 SYSTEMPATH/CodeIgniter.php(354): CodeIgniter\CodeIgniter->handleRequest()
 4 SYSTEMPATH/Boot.php(334): CodeIgniter\CodeIgniter->run()
 5 SYSTEMPATH/Boot.php(67): CodeIgniter\Boot::runCodeIgniter()
 6 FCPATH/index.php(56): CodeIgniter\Boot::bootWeb()
 7 SYSTEMPATH/rewrite.php(44): require_once('/home/faviosantos/Descargas/Telegram Desktop/ci4/public/index.php')
